0
0
0
0
0
0
0
0
0
0
0
0
0
0
0
0
0
0
0
0
0
0
0
0
0
0
0
0
0
0
0
0
0
0
0
0
0
0
0
0
0
0
0
0
0
0
0
0
0
0
0
0
0
0
0
0
0
0
0
0
0
0
0
0
0
0
0
0
0
0
0
0
0
0
0
0
0
0
0
0
0
0
0
0
0
0
0
0
0
0
0
0
0
0
0
0
0
0
0
0
0
0
0
0
0
0
0
0
0
0
0
0
0
0
0
0
0
0
0
0
0
0
0
0
0
0
0
0
0
0
0
0
0
0
0
0
0
0
0
0
0
0
0
0
0
0
0
0
0
0
0
0
0
0
0
0
0
0
0
0
0
0
0
0
0
0
0
0
0
0
0
0
0
0
0
0
0
0
0
0
0
0
0
0
0
0
0
0
0
0
0
0
0
0
0
0
0
0
0
0
0
0
0
0
0
0
0
0
0
0
0
0
0
0
0
0
0
0
0
0
0
0
0
0
0
0
0
0
0
0
0
0
0
0
0
0
0
0
0
0
0
0
0
0
0
0
0
0
0
0
0
0
0
0
0
0
0
0
0
0
0
0
0
0
0
0
0
0
0
0
0
0
0
0
0
0
0
0
0
0
0
0
0
0
0
0
0
0
0
0
0
0
0
0
0
0
0
0
0
0
0
0
0
0
0
0
0
0
0
0
0
0
0
0
0
0
0
0
0
0
0
0
0
0
0
0
0
0
0
0
0
0
0
0
0
0
0
0
0
0
0
0
0
0
0
0
0
0
0
0
0
0
0
0
0
0
0
0
0
0
0
0
0
0
0
0
0
0
0
0
0
0
0
0
0
0
0
0
0
0
0
0
0
0
0
0
0
0
0
0
0
0
0
0
0
0
0
0
0
0
0
0
0
0
0
0
0
0
0
0
0
0
0
0
0
0
0
0
0
0
0
0
0
0
0
0
0
0
0
0
0
0
0
0
0
0
0
0
0
0
0
0
0
0
0
0
0
0
0
0
0
0
0
0
0
0
0
0
0
0
0
0
0
0
0
0
0
0
0
0
0
0
0
0
0
0
0
0
0
0
0
0
0
0
0
0
0
0
0
0
0
0
0
0
0
0
0
0
0
0
0
0
0
0
0
0
0
0
0
0
0
0
0
0
0
0
0
0
0
0
0
0
0
0
0
0
0
0
0
0
0
0
0
0
0
0
0
0
0
0
0
0
0
0
0
0
0
0
0
0
0
0
0
0
0
0
0
0
0
0
0
0
0
0
0
0
0
0
0
0
0
0
0
0
0
0
0
0
0
0
0
0
0
0
0
0
0
0
0
0
0
0
0
0
0
0
0
0
0
0
0
0
0
0
0
0
0
0
0
4977
0
0
0
0
0
0
0
0
0
0
637757
0
0
0
0
0
0
0
0
0
0
0
0
0
0
0
0
0
0
0
0
0
0
0
0
0
0
0
0
0
0
0
0
0
0
0
0
0
0
0
0
0
0
0
0
0
0
0
0
0
0
0
0
0
0
0
0
0
0
0
0
0
0
0
0
0
0
0
0
0
0
0
0
0
0
0
0
0
0
0
0
0
0
0
0
0
0
0
0
0
0
0
0
0
0
0
0
0
0
0
0
0
0
0
0
0
0
0
0
0
0
0
0
0
0
0
0
0
0
0
0
0
0
0
0
0
0
0
0
0
0
0
0
0
0
0
0
0
0
0
0
0
0
0
0
0
0
0
0
0
0
0
0
0
0
0
0
0
0
0
0
0
0
0
0
0
0
0
0
0
0
0
0
0
0
0
0
0
0
0
0
0
0
0
0
0
0
0
0
0
0
0
0
0
0
0
0
0
0
25293
0
0
0
0
0
0
0
0
0
0
0
0
0
0
0
0
0
0
0
0
0
0
0
0
0
0
0
0
0
0
0
0
0
0
0
0
0
0
0
0
0
0
0
0
0
0
0
0
0
0
0
0
0
0
0
0
0
0
0
0
0
0
0
0
0
0
0
0
0
0
0
0
0
0
0
0
0
0
0
0
0
0
0
0
0
0
0
0
0
0
0
0
0
0
0
0
0
0
0
0
0
0
0
0
0
0
0
0
0
0
0
0
0
0
0
0
0
0
0
0
0
0
0
0
0
0
0
0
0
0
0
0
0
0
0
0
0
0
0
0
0
0
0
0
0
0
0
0
0
0
0
0
0
0
0
0
0
0
0
0
0
0
0
0
0
0
0
0
0
0
0
0
0
0
0
0
0
0
0
0
0
0
0
0
0
0
0
0
0
0
0
0
0
0
0
0
0
0
0
0
0
0
0
0
0
0
0
0
0
24166
0
0
0
0
0
0
0
0
0
0
0
0
0
0
0
0
0
0
0
0
0
0
0
0
0
0
0
0
0
0
0
0
0
176558
0
0
0
0
0
0
0
0
0
0
0
0
0
0
0
0
0
0
0
0
0
0
0
0
0
0
0
0
0
0
0
0
0
0
0
0
0
0
0
0
0
0
0
0
0
0
0
0
0
0
0
0
0
0
0
0
0
0
0
0
0
0
0
0
0
0
0
0
0
0
0
0
0
0
0
0
0
0
0
0
0
0
0
0
0
0
0
0
0
0
0
0
0
0
0
0
0
0
0
0
0
0
0
0
0
0
0
0
0
0
0
0
0
0
0
0
170972
0
0
0
0
0
0
0
0
0
0
0
0
0
0
0
0
0
0
0
0
0
0
0
0
0
0
0
0
537957
0
0
0
0
0
0
0
0
0
0
0
0
0
0
0
0
0
0
0
0
0
0
0
0
0
0
0
0
0
0
0
0
0
0
0
0
0
0
0
0
0
0
0
0
0
0
0
0
0
0
0
0
0
0
0
0
0
0
0
0
0
0
0
0
0
0
0
0
0
0
0
0
0
0
0
0
0
0
0
0
0
0
0
0
0
0
0
0
0
0
0
0
0
0
0
0
0
0
0
0
0
0
0
0
0
0
0
0
0
0
0
0
0
0
0
0
0
0
0
0
0
0
0
0
0
0
0
0
0
0
0
0
0
0
0
0
0
0
0
0
0
0
0
0
0
0
0
0
0
0
0
0
0
0
0
0
0
0
0
0
0
0
0
0
0
0
0
0
0
0
0
0
0
0
0
0
0
0
0
0
0
0
0
0
0
0
0
0
0
0
0
0
0
0
0
0
0
0
0
0
0
0
0
0
0
0
0
0
0
0
0
0
0
0
0
0
0
0
0
0
0
0
0
0
0
0
0
0
0
0
0
0
0
0
0
0
0
0
0
0
0
0
0
0
0
0
0
0
0
0
0
0
0
0
0
0
0
0
0
0
0
0
0
0
0
0
0
0
0
0
0
0
0
0
0
0
0
0
0
0
0
0
0
0
0
0
0
0
0
0
0
0
0
0
0
0
0
0
0
0
0
0
0
0
0
0
0
0
0
0
0
0
0
0
0
0
0
0
0
0
0
0
0
0
0
0
0
0
0
0
0
0
0
0
0
0
0
0
0
0
0
0
0
0
0
0
0
0
0
0
0
0
0
0
0
0
0
0
0
0
0
0
0
0
0
0
0
0
0
0
0
0
0
0
0
0
0
0
0
0
0
0
0
0
0
0
0
0
0
0
0
473
0
0
0
0
0
0
0
0
0
0
0
0
0
0
0
0
0
0
0
0
0
0
0
0
0
0
0
0
0
0
0
0
0
0
0
969
0
0
0
0
0
0
0
0
0
0
0
0
0
0
0
0
0
0
0
0
0
0
0
0
0
0
0
0
0
0
454
0
0
0
0
0
0
0
0
0
0
0
0
0
0
0
0
0
0
0
0
0
0
0
0
0
0
0
0
0
0
0
0
0
0
0
0
0
0
0
0
0
0
0
0
0
0
0
0
0
0
0
0
0
0
0
0
0
0
0
0
0
0
0
0
0
0
0
0
0
0
1012
0
0
0
0
4337
0
0
0
0
0
1012
0
0
0
0
0
0
7958
0
0
0
0
0
0
0
0
0
0
0
0
0
0
0
0
0
0
0
0
0
0
0
0
0
0
0
0
0
0
0
0
0
0
0
0
0
0
0
0
0
0
0
0
0
0
132986
0
0
0
0
0
0
0
0
0
0
0
0
0
0
0
0
0
0
0
0
0
0
0
0
0
0
0
0
0
0
0
0
0
0
0
0
0
0
0
0
0
0
0
0
0
0
0
0
0
0
0
0
0
0
0
0
0
0
0
0
0
0
0
0
0
0
0
0
0
0
0
0
0
0
5074
0
0
0
0
0
0
0
0
0
0
0
0
0
0
0
454
0
0
0
0
0
0
0
0
0
0
0
0
0
16409
0
0
0
0
0
0
0
0
0
0
0
0
0
0
0
0
0
0
0
0
0
1128
0
0
0
0
0
0
0
0
0
0
0
0
0
0
0
0
0
1514
0
0
0
0
0
0
0
0
0
0
0
3490
0
0
0
0
0
0
55614
0
0
0
0
0
0
0
0
0
0
0
0
0
0
0
0
0
0
0
0
0
0
0
0
0
0
0
0
0
0
0
0
0
0
0
0
0
0
0
0
0
0
0
0
0
0
0
0
0
0
0
0
0
0
0
0
0
0
0
0
0
0
0
0
0
0
0
0
0
0
0
0
0
0
0
0
0
0
0
0
0
0
0
0
0
0
0
0
0
0
0
0
0
0
0
0
0
0
0
0
0
0
0
473
0
0
0
0
0
0
0
0
0
0
0
0
0
0
0
0
28137
0
0
0
0
0
17880
0
0
0
0
0
0
0
0
0
0
0
0
0
0
0
0
0
0
39207
0
0
0
0
0
0
0
0
0
0
0
0
0
0
0
0
0
0
0
0
0
0
0
0
0
0
0
298834
0
0
0
0
0
0
0
0
0
0
0
0
0
0
0
0
0
0
0
0
0
0
0
0
0
0
0
473
1514
0
0
0
0
0
0
0
0
0
0
0
0
0
0
0
0
0
0
0
0
0
0
0
0
0
0
3606
0
0
0
0
0
0
0
0
0
0
0
0
0
0
0
0
0
0
0
0
0
0
0
0
8901
0
0
0
0
0
0
0
0
0
0
0
0
0
969
0
0
0
0
0
0
0
0
0
0
2941
0
0
0
0
0
0
0
0
0
0
0
0
0
969
0
0
0
0
1128
0
0
0
0
0
0
214770
0
0
0
0
0
0
0
0
0
0
0
0
0
0
0
0
0
0
0
0
0
0
0
0
0
0
0
0
0
0
61039
0
0
0
66629
0
0
0
0
0
0
0
0
0
0
0
0
0
0
0
0
0
0
0
0
0
0
0
0
0
0
0
0
0
0
0
0
0
0
0
0
0
0
0
0
0
0
0
0
0
0
0
0
0
1128
0
0
0
473
0
0
0
0
0
0
0
0
0
0
0
0
0
0
0
0
0
0
61047
0
0
0
0
0
0
0
0
0
0
0
0
0
0
0
0
0
0
0
0
116189
0
0
0
0
0
0
0
0
0
0
0
0
0
0
0
0
0
0
0
41132
0
0
0
0
0
0
0
0
0
0
0
0
0
0
0
0
0
0
0
0
0
0
0
0
0
0
0
0
0
0
0
0
0
0
0
0
0
0
136094
0
0
0
0
0
0
0
0
0
0
0
0
0
0
0
0
0
5931
0
110273
0
0
0
0
0
0
0
0
0
0
0
0
0
0
0
0
7485
0
0
0
0
0
0
0
0
0
0
0
0
0
0
0
0
0
0
0
0
0
0
0
0
0
0
0
0
0
0
0
0
0
0
0
0
0
0
0
0
270426
0
0
0
0
0
0
0
0
0
0
0
0
1695
0
0
0
0
0
0
0
0
0
0
0
0
0
0
0
0
0
0
0
0
0
0
0
0
0
0
0
0
0
0
0
0
0
0
0
0
0
0
0
0
0
0
0
0
1128
0
0
0
6585
0
0
0
0
0
0
0
0
0
0
0
0
0
0
0
0
0
0
0
0
0
0
0
0
0
0
0
0
0
0
0
0
0
0
0
0
0
0
0
0
0
0
0
0
0
0
0
0
454
0
0
473
0
0
0
0
0
0
0
0
0
0
0
0
0
0
0
0
0
3490
0
0
0
0
0
0
0
0
473
0
0
0
0
0
0
0
0
0
0
0
0
0
9097
0
0
0
0
0
0
0
0
0
0
0
0
0
0
0
0
0
0
0
0
0
0
0
0
0
0
0
0
0
0
0
0
0
0
0
0
0
0
0
0
0
0
0
0
0
0
0
0
0
0
0
0
0
0
0
0
0
0
0
0
0
0
0
0
0
0
0
0
0
0
0
0
0
0
0
0
0
0
0
0
1514
0
0
0
0
0
0
0
0
0
0
0
0
0
0
0
0
0
0
0
0
0
0
0
0
0
0
0
0
0
0
0
0
0
0
0
0
0
454
0
0
0
5074
0
0
0
0
0
0
0
0
0
0
0
0
0
0
0
0
0
293760
0
0
0
0
0
21584
0
0
0
0
0
0
0
0
0
0
0
0
0
0
0
0
0
0
0
0
0
0
0
0
4782
0
0
0
0
0
0
0
0
0
0
0
0
0
0
0
0
0
0
0
0
0
0
0
0
0
0
0
0
0
0
0
0
0
0
0
0
0
0
0
0
0
0
0
0
0
0
0
0
0
0
0
0
0
0
0
0
0
0
0
0
0
0
0
0
0
0
0
0
0
0
0
0
0
0
0
0
0
0
0
0
0
0
0
0
0
0
0
0
0
0
311758
0
0
0
0
0
0
0
0
0
0
0
0
0
0
0
0
454
0
0
0
0
0
0
0
1695
0
0
0
0
0
0
0
0
0
0
0
0
0
0
0
0
0
0
0
0
4108
0
5931
6222
0
0
0
0
0
0
0
0
0
0
0
0
0
0
0
0
0
0
0
0
0
0
0
0
0
0
0
0
0
0
0
0
0
0
0
0
0
0
0
0
0
0
0
0
0
0
0
0
0
0
0
3400
0
0
0
0
0
0
0
0
0
0
0
1012
0
0
0
0
0
0
0
0
0
0
0
0
0
0
0
0
0
0
0
0
0
0
0
0
0
0
0
0
0
0
0
0
0
0
0
0
0
0
0
0
0
0
0
0
0
0
0
0
0
0
0
0
0
0
0
0
0
0
0
0
0
0
0
0
0
0
0
0
0
0
0
0
0
0
0
0
0
0
0
0
0
0
0
0
0
0
0
0
0
0
0
0
0
0
0
0
0
0
295925
0
0
0
0
0
0
0
0
0
0
0
0
0
0
0
0
0
0
0
0
0
0
0
0
0
0
473
0
0
0
0
0
0
0
0
0
0
0
0
0
0
0
0
0
0
0
0
0
0
0
0
661950
0
0
0
0
0
0
0
0
0
0
0
0
0
6585
0
0
0
0
0
0
0
0
0
0
0
0
0
0
0
0
0
0
0
0
0
0
0
0
0
0
0
0
0
0
0
0
9032
0
0
0
0
0
0
0
0
0
0
0
0
0
0
0
0
0
0
0
0
0
0
0
0
0
0
0
0
0
0
0
0
0
0
0
0
0
0
0
0
99123
0
0
0
0
0
0
0
0
0
0
0
0
0
0
0
0
0
0
0
0
0
0
0
0
0
0
0
0
250611
0
0
0
0
0
0
0
0
0
0
0
0
0
0
0
0
0
0
0
0
0
0
0
0
0
0
0
0
0
0
0
0
0
0
1317
0
0
0
0
0
0
0
0
0
0
0
0
0
0
0
0
0
0
0
0
0
0
0
0
0
0
0
0
0
0
0
0
0
0
0
0
0
11994
0
0
0
0
0
0
0
0
0
0
0
0
0
0
0
0
327909
0
0
0
0
0
0
0
0
0
0
0
0
0
0
0
0
0
0
0
0
1128
0
0
73538
0
0
0
0
0
0
0
0
0
0
0
0
0
0
0
0
0
0
0
0
0
0
0
3400
0
0
0
0
0
0
0
0
0
0
0
0
0
0
0
0
0
0
0
0
0
31733
0
0
0
0
0
0
0
0
0
266417
0
0
0
0
0
0
0
0
0
0
0
0
0
1695
0
0
0
0
0
14853
0
0
0
0
0
0
0
0
0
0
0
0
0
0
0
0
0
0
0
0
0
0
0
0
0
0
0
0
0
0
0
0
0
0
0
0
0
0
0
0
0
0
0
0
0
0
0
0
0
6441
0
0
0
0
0
0
0
0
0
0
1317
0
0
0
0
0
0
0
0
0
0
0
0
0
0
0
0
0
136863
0
0
0
0
0
0
0
0
0
0
0
0
0
0
0
201035
0
0
0
0
0
0
0
0
0
0
0
0
0
0
0
0
0
0
0
0
0
0
0
240
0
0
0
0
0
0
0
0
0
0
0
0
0
0
0
0
0
0
0
0
0
0
0
0
0
0
0
0
0
969
0
0
0
0
0
0
0
0
0
0
0
0
0
0
0
0
0
0
0
0
0
0
0
0
0
0
27553
0
0
0
0
0
0
0
0
0
0
0
0
0
0
0
0
0
0
0
0
0
0
0
0
0
0
0
0
0
0
0
0
0
0
0
0
0
0
0
0
0
0
0
0
0
0
0
0
0
0
0
0
0
0
0
0
0
0
0
0
0
0
0
0
0
0
0
0
0
0
0
0
0
0
0
0
0
0
0
0
0
0
0
0
0
0
0
0
0
0
0
0
0
0
0
0
473
0
0
240
0
0
0
0
0
0
0
0
0
0
0
0
0
0
0
0
0
0
0
0
0
0
0
0
0
0
0
0
0
0
49490
0
0
0
0
0
0
0
0
0
0
0
0
0
0
0
240
0
0
0
0
0
0
0
969
0
1128
0
0
0
0
0
0
0
0
0
0
0
0
0
0
0
0
0
0
0
0
0
0
0
0
0
0
0
0
0
0
0
129495
0
0
0
0
0
0
22113
0
0
10771
0
0
0
0
0
0
0
240
0
0
0
0
0
0
0
0
0
0
0
12017
0
0
0
55224
0
0
0
0
0
0
0
0
0
0
473
0
0
0
0
0
0
14638
72115
0
0
0
0
0
0
0
0
0
0
0
0
0
0
0
0
0
0
0
0
0
0
0
0
0
0
0
0
0
0
0
0
0
0
0
240
0
0
0
0
0
0
0
0
0
0
0
0
0
0
0
0
0
0
0
47435
0
0
0
0
0
0
0
0
0
0
0
5074
0
0
0
0
0
0
0
5280
0
0
0
0
1128
0
240
0
0
0
0
0
4108
0
0
0
0
0
0
0
0
0
0
0
0
0
0
0
0
240
0
0
0
0
0
7132
0
0
0
0
0
0
0
0
0
0
0
0
0
0
1650
0
0
0
0
0
0
0
0
0
0
14107
0
0
0
0
0
0
0
0
0
0
0
0
0
0
0
0
0
0
0
0
0
0
0
0
0
0
0
0
0
0
0
0
0
240
0
0
0
0
0
0
0
0
0
0
1012
0
0
0
0
0
0
0
0
0
0
0
0
0
0
0
0
0
240
0
0
0
0
14104
0
0
0
0
0
0
0
0
42911
5870
0
0
0
0
0
0
0
0
0
0
0
0
0
0
0
473
0
0
666
0
0
4760
0
666
0
0
0
0
0
0
0
0
3818
0
21932
0
77173
0
0
0
0
0
0
0
0
0
0
0
0
0
0
0
6441
0
0
0
0
969
0
0
0
0
0
0
0
0
0
0
0
0
0
0
0
0
0
0
0
0
0
0
0
0
0
0
969
0
0
0
0
0
0
0
0
0
2688
0
0
0
0
0
0
0
0
0
0
473
7958
0
0
0
0
0
0
0
0
0
0
0
0
0
0
0
0
0
0
0
454
0
0
99484
0
0
0
0
0
0
0
0
0
0
0
0
0
0
0
0
0
2222
0
0
0
0
0
0
0
0
0
0
0
0
0
0
473
0
0
0
0
0
0
0
0
0
0
0
0
0
0
0
0
0
0
17743
0
0
0
0
0
0
0
0
27604
0
4866
28
0
0
0
0
0
0
0
0
0
0
0
0
0
0
28
0
0
0
0
0
0
0
0
0
0
0
0
0
0
0
0
0
0
0
0
0
0
0
0
0
0
0
0
0
0
0
0
0
0
0
0
0
0
0
8880
0
0
0
0
0
0
0
0
0
0
0
0
0
0
0
0
28
0
0
0
20830
0
0
0
0
0
0
0
0
0
0
473
0
0
0
28
28
0
0
0
0
0
0
0
28
0
0
0
0
28
0
0
0
0
0
0
0
0
0
0
0
0
0
0
0
0
0
0
0
0
0
0
0
0
0
0
0
0
0
0
0
0
28
0
0
0
0
0
0
0
0
0
0
0
0
0
0
0
0
0
0
0
0
0
0
0
0
0
0
0
11077
0
0
0
0
0
0
0
504702
0
0
0
93105
0
28
0
0
0
0
0
0
7949
0
0
28
0
1990
0
0
0
0
0
0
0
0
0
0
0
0
0
0
0
0
0
0
0
0
0
0
0
0
0
0
28
0
0
0
0
0
0
0
0
0
0
28
0
28
0
48434
0
0
0
0
0
0
0
0
0
0
0
0
0
28
0
0
40652
0
0
0
0
0
28
0
0
0
0
0
0
28
9032
0
0
0
0
0
0
0
0
0
0
0
0
0
0
28
0
0
0
0
28137
0
56984
0
0
0
0
0
0
0
0
0
0
0
0
0
0
0
0
0
0
0
0
0
0
0
0
0
0
0
0
0
0
0
0
0
0
0
15276
28
4760
0
0
0
0
6506
0
0
0
0
3418
0
277533
0
0
0
0
0
0
0
0
28
0
0
0
10479
0
0
0
0
0
0
0
0
0
0
0
0
0
0
0
0
0
0
0
0
55224
0
0
28
0
0
0
0
0
0
0
0
0
0
240
0
0
0
0
0
0
0
0
0
0
0
0
0
0
143261
0
0
0
0
0
0
0
0
0
0
0
28
0
0
0
28
0
0
0
0
0
0
0
0
0
0
666
0
0
28
0
0
0
0
0
0
0
0
0
0
0
0
0
0
0
0
0
0
0
0
0
0
0
0
0
0
0
0
0
0
0
0
0
0
28
0
0
0
0
0
0
15551
6310
0
28
0
0
0
0
0
0
0
0
0
0
28
0
0
0
0
0
0
0
0
0
0
0
0
0
0
0
0
0
0
0
0
0
0
0
0
28
0
0
0
0
0
1317
0
0
0
0
28
0
0
0
0
0
5027
0
0
0
0
0
0
0
0
28
0
0
0
0
0
0
0
0
0
0
0
0
0
0
0
0
0
0
0
9148
0
0
0
379259
0
28
0
666
0
0
0
0
0
0
0
0
0
0
0
0
35620
0
0
0
170328
0
0
0
0
0
0
0
0
0
4589
0
0
0
0
4977
0
0
0
0
0
0
0
0
0
0
0
0
0
0
0
0
0
0
0
0
0
0
0
0
0
0
0
0
0
4866
0
0
0
0
0
0
0
0
0
0
52341
0
28
5027
0
0
0
0
0
0
0
0
0
0
0
9032
0
0
0
0
0
0
28
0
0
0
0
0
0
0
0
0
0
0
0
0
240
0
0
0
0
0
28
0
0
0
0
0
0
0
0
0
1012
28
0
28
0
0
0
0
0
0
0
0
0
0
0
0
0
0
0
0
0
28
28
0
0
0
240
0
0
0
0
0
0
0
0
0
0
28
0
1986
0
0
0
0
0
0
0
0
0
0
28137
0
0
41017
0
0
0
0
28
0
0
6222
0
0
0
34228
1317
0
0
0
0
0
0
0
0
0
0
0
0
0
0
0
1012
0
0
0
0
0
0
0
0
0
0
0
0
0
0
0
240
240
28
0
0
0
28
0
0
0
0
0
0
0
0
0
0
0
0
14849
0
0
0
0
0
0
28
0
0
0
0
0
0
0
0
0
0
0
0
0
0
0
0
0
0
0
0
0
0
0
0
0
0
0
0
0
0
0
0
0
0
0
70688
28
0
0
0
0
6511
0
0
48002
0
0
0
0
0
0
0
0
12017
0
0
0
0
0
41417
0
0
28
0
28
0
0
0
0
0
0
0
1317
0
0
0
0
0
473
0
28
0
0
0
0
28
0
0
0
72115
0
2222
0
0
0
0
0
0
0
0
0
0
3401
0
0
0
0
0
2223
0
0
0
0
0
0
28
0
0
0
0
0
0
0
0
0
0
0
0
0
0
0
28
0
0
0
0
0
240
302375
0
0
0
0
0
0
0
0
0
0
0
0
0
0
0
28
0
0
0
0
0
0
1990
0
0
28
0
0
0
28
0
0
0
0
0
0
0
0
0
0
0
0
0
28
0
0
0
0
0
0
0
0
0
0
0
0
0
0
0
0
0
0
0
0
0
0
0
28
0
0
0
0
28
0
0
0
0
0
0
0
0
0
0
0
0
0
0
0
0
0
2223
0
0
0
0
0
0
0
0
0
0
0
0
0
0
0
17956
0
1986
0
0
0
0
0
0
0
0
0
28
148588
0
0
0
0
0
0
0
0
0
0
0
0
0
0
0
0
0
0
0
0
0
0
0
0
66704
0
388701
0
0
0
0
28
0
0
0
0
0
0
0
0
0
0
0
0
107096
0
0
0
0
0
0
0
0
249259
28
0
0
28
28
0
28
0
0
0
0
0
0
0
0
0
0
0
0
0
62103
0
0
0
28
0
0
0
0
0
18177
0
0
0
0
0
0
0
0
28
0
0
0
0
0
0
0
0
0
0
0
0
0
0
0
0
0
0
0
28
321163
0
0
154328
0
0
0
240
0
0
0
0
4212
0
28
0
0
0
0
0
0
0
0
0
0
0
0
0
0
0
0
28
0
0
0
0
0
0
0
0
28
0
1128
0
0
0
1317
0
0
0
0
0
0
0
0
0
7729
0
0
0
0
28
0
0
0
0
0
0
28
0
0
0
0
0
0
0
0
0
0
0
0
0
0
28
0
0
0
0
0
0
0
0
0
0
0
0
0
0
0
0
28
32024
0
7132
0
0
0
0
0
0
0
0
7724
2222
0
0
2542
0
0
240
0
0
63894
0
1650
0
0
0
0
0
516928
0
0
0
0
0
0
28
0
0
0
0
0
0
0
0
0
0
0
0
0
0
0
0
0
0
0
120091
0
0
0
0
0
0
0
26123
31960
0
0
28
0
28
0
0
28
0
0
0
0
0
0
0
0
0
0
0
0
0
0
0
240
0
0
0
41320
0
0
0
0
0
0
666
0
0
6307
1986
0
0
0
0
0
28
0
0
38116
0
240
28
0
0
0
0
0
0
0
0
28
0
0
0
0
0
0
0
0
0
0
0
0
0
0
0
0
0
0
0
0
0
0
0
0
0
0
0
0
0
0
0
0
0
0
0
0
28
0
0
0
0
1986
0
0
0
0
0
1986
0
0
0
0
0
0
28
28
0
969
0
10479
0
0
0
0
0
0
0
0
0
0
0
0
0
0
0
0
0
0
0
0
0
0
0
0
37293
0
0
0
0
8028
0
0
0
0
0
0
0
0
0
0
0
0
0
0
0
0
0
0
0
0
0
0
0
0
0
28
0
9032
0
0
0
0
0
0
0
0
0
0
0
0
0
0
0
0
969
0
666
0
0
0
0
0
0
0
0
28
0
0
0
0
0
0
0
0
0
0
0
0
0
41132
0
0
0
0
10845
0
0
0
0
0
0
0
0
0
0
0
0
0
0
0
0
0
199420
0
0
0
0
0
0
666
0
0
0
0
0
0
0
0
0
666
0
0
0
0
0
0
0
0
0
0
0
0
0
0
0
0
28
0
0
0
0
0
0
0
29908
0
0
0
4782
0
28
0
0
28
0
3401
65495
0
0
0
473
0
0
0
0
0
0
0
0
666
0
183967
0
0
0
0
0
0
0
0
1128
0
0
0
6307
0
0
0
0
0
0
0
0
0
0
0
0
0
0
0
0
0
0
2688
0
0
0
0
0
0
0
1986
0
0
0
0
28
0
0
5074
56049
5027
0
9148
0
0
0
0
347266
0
0
0
28
0
0
0
0
0
0
0
44787
0
0
0
0
0
0
969
0
0
0
0
0
0
0
0
0
0
0
0
0
0
0
0
0
101533
0
1990
0
0
0
0
0
0
3400
0
0
0
0
4760
0
0
2542
28
0
0
0
0
0
0
0
0
0
0
0
0
0
0
0
0
0
0
0
0
0
0
0
0
0
0
0
0
0
240
0
0
0
0
0
0
0
0
1128
0
0
0
0
0
0
0
0
0
0
0
0
0
0
0
0
0
0
0
0
0
0
0
0
0
0
0
2688
0
0
0
0
72571
0
0
0
0
0
0
1682
0
28
19764
0
0
0
0
0
407025
0
0
0
0
0
0
0
0
0
0
0
1990
28
0
0
0
0
0
0
0
0
0
0
0
1695
0
0
0
0
0
0
28
28
0
0
0
0
0
28
0
0
0
0
0
0
0
0
28
0
0
0
28
0
0
0
0
0
0
0
0
28
0
1317
0
0
0
0
0
0
0
21932
0
0
666
0
0
0
0
0
0
0
0
0
0
0
240
0
0
0
0
0
0
0
0
0
0
2223
0
0
0
28
0
0
0
0
17880
0
0
0
0
0
0
0
0
0
0
0
0
0
0
0
0
0
5074
0
0
0
28
0
0
0
0
0
316185
0
0
0
501900
0
0
2889
0
359094
457886
0
0
0
0
28
0
0
0
0
0
0
0
0
0
0
163533
0
0
28
0
0
0
0
0
28
0
0
0
5927
0
0
0
666
0
54017
28
0
0
0
8901
0
0
0
0
0
0
0
0
0
0
0
0
0
0
0
0
0
0
0
0
0
0
0
144875
0
0
0
28
0
0
0
0
0
0
0
0
0
0
0
0
0
0
0
0
0
0
0
0
0
0
0
0
28
0
0
0
0
0
0
0
0
0
0
0
0
0
0
0
0
0
0
28
0
0
0
0
0
1695
28
0
28
0
0
0
0
0
0
0
5671
0
969
0
0
4337
0
0
0
0
0
0
0
28
0
0
0
0
0
0
5927
0
0
0
0
0
0
28
0
0
0
0
0
0
0
0
0
0
0
41520
28
0
0
0
0
0
0
0
28
1317
32755
0
0
0
28
0
0
0
0
0
0
0
0
0
0
0
0
28
0
0
4337
0
0
0
0
0
0
0
0
0
0
0
0
0
0
0
0
0
1650
0
0
0
0
0
0
0
5009
0
0
0
0
0
0
0
0
28
0
0
0
0
0
0
0
0
0
0
0
0
0
0
0
5863
0
0
0
28
72142
28
0
0
0
0
0
0
0
0
0
0
0
0
0
0
0
0
0
0
0
0
0
0
0
0
0
1012
0
4866
0
0
0
0
0
0
0
0
0
0
666
0
0
28
0
28
0
0
0
121492
0
0
0
0
0
17711
0
0
0
0
0
0
0
0
0
0
0
0
0
0
0
182318
7485
0
0
0
0
0
0
0
0
28
0
0
4760
666
0
0
0
0
0
0
0
0
0
0
0
0
0
0
0
28
0
61039
0
0
0
0
0
0
0
0
0
395087
0
0
0
0
28
28
28
0
3418
0
0
0
636692
326511
131137
0
0
0
0
2222
0
0
0
0
0
0
0
0
0
0
28
0
0
0
0
0
0
0
0
0
47435
0
0
0
0
0
0
0
0
0
3401
0
0
0
0
0
0
0
28
28
0
6855
0
666
227381
28
413621
0
6310
0
0
0
0
0
0
0
0
28
220806
0
186406
0
28
1514
0
0
0
0
0
0
0
0
0
0
0
0
0
0
1012
0
0
0
0
0
0
28
0
0
0
0
28
0
0
0
0
0
0
0
0
0
0
0
0
0
0
28
0
0
0
666
0
0
36256
0
0
0
0
0
28
0
0
0
0
0
0
0
0
0
0
0
0
21927
0
0
28
0
0
0
0
0
0
0
0
0
0
0
0
0
0
0
0
17956
0
0
0
0
0
0
0
0
0
2542
28
0
0
0
0
0
0
0
0
0
0
0
28
0
0
0
0
0
28
0
0
0
0
0
0
0
0
0
0
0
28
28
0
0
0
0
0
0
0
0
0
0
0
0
0
0
0
0
0
0
0
63894
0
0
0
0
0
0
0
28
0
0
0
0
0
0
403591
0
0
0
28
0
0
0
0
0
0
0
0
0
0
0
0
0
0
0
0
0
535388
0
0
0
0
0
0
0
0
0
0
0
0
28
0
0
0
0
0
2222
0
0
0
0
0
0
0
0
158401
0
0
0
0
0
0
28
0
17743
28
0
1990
0
0
0
0
0
0
0
54803
0
0
0
0
0
28
473
0
0
0
0
0
0
0
28
0
1128
0
0
7738
0
0
0
0
0
0
0
0
0
0
0
0
105973
0
0
0
0
28
0
0
28
0
0
0
0
0
0
0
38959
303958
0
0
0
0
0
0
0
0
28
0
1012
0
43088
0
0
2222
0
0
0
0
28
28
0
28
28
0
0
0
0
0
0
0
28
0
219594
0
0
0
0
0
0
0
0
0
28
0
0
0
0
0
0
0
0
0
0
0
28
0
0
0
0
0
0
0
0
0
17711
2223
0
0
0
0
666
0
0
0
0
0
0
0
0
0
0
0
0
0
473
0
0
240
0
0
0
0
0
0
0
0
0
0
0
0
240
0
0
0
0
0
188020
0
0
0
0
0
0
0
1128
0
0
28
0
345651
134597
0
0
0
0
0
0
0
240
0
0
0
0
0
0
0
132645
0
7132
0
240
0
0
0
0
0
0
0
0
0
0
28
0
0
0
0
0
0
0
0
0
0
42745
0
0
20216
16365
0
0
0
0
0
0
0
0
0
0
0
28
0
0
0
0
0
0
0
0
0
0
9043
0
473
0
0
0
0
0
0
0
28
28
0
0
0
28
0
0
0
0
0
0
0
28
969
28
0
0
0
7958
0
61039
0
0
0
0
0
0
0
0
0
0
0
0
0
0
0
0
53747
1012
240
0
0
0
0
0
28
28
178576
0
482
0
308633
0
0
0
0
1682
0
0
0
0
2223
0
0
0
0
0
0
0
0
0
0
7485
0
0
0
0
0
0
28
0
0
0
0
0
0
1990
0
0
32755
0
28
0
0
0
0
0
0
0
28
0
28
28
222650
62599
0
0
0
28
0
0
0
0
0
0
0
0
0
227927
0
4718
0
0
0
0
0
0
0
0
0
0
0
7974
0
28
0
0
0
0
2787
666
0
0
0
8614
0
0
0
75895
0
0
0
0
0
0
0
1682
0
0
0
0
1695
0
0
0
0
0
0
0
0
0
0
0
0
0
0
0
0
0
0
0
0
0
0
0
0
28
0
0
0
0
0
0
0
0
0
0
0
0
0
0
0
0
0
0
0
0
213
0
0
0
28
1128
0
31733
555971
9997
0
0
0
0
0
0
0
0
0
0
0
0
0
0
0
0
0
0
12426
0
169887
445862
28
0
473
0
88497
0
0
0
0
0
0
1012
0
0
0
0
0
0
0
0
0
0
0
0
10053
0
7949
0
0
0
0
0
258666
0
0
0
0
0
0
0
0
0
0
0
0
0
28
0
0
0
0
0
0
0
0
0
0
0
0
0
0
0
0
0
0
0
0
0
0
0
0
221942
0
0
0
0
0
4782
0
0
28
0
0
666
0
0
0
0
0
0
0
0
0
0
0
0
0
0
0
0
0
0
8658
0
0
0
0
0
0
0
0
0
0
0
0
0
0
0
4389
0
0
0
0
0
0
0
0
0
0
0
473
240
0
0
0
0
0
0
0
0
0
0
0
0
0
0
0
0
0
0
0
0
28
0
0
0
0
0
0
0
0
0
0
0
0
0
0
0
0
0
0
0
0
0
0
0
0
0
0
0
0
0
0
0
28
666
0
0
0
0
151183
0
0
240
0
0
0
0
0
327225
28
28
0
0
666
0
0
0
0
0
240
0
0
0
0
0
0
0
0
0
0
0
0
0
0
0
2688
0
0
0
0
213
60376
0
28
48434
0
0
28
0
0
0
0
6619
0
0
0
0
0
0
0
213
0
0
0
0
0
0
9022
0
0
0
0
0
0
0
0
0
0
0
0
0
0
0
0
0
240
0
0
0
0
0
0
0
0
0
5009
0
0
0
0
0
0
0
0
0
0
0
0
0
0
0
0
0
0
0
0
0
2542
28
0
0
9022
28
0
0
0
0
0
0
0
0
1695
0
0
0
10551
0
0
2924
0
0
0
0
0
0
0
0
0
0
0
0
0
0
0
0
0
0
0
0
0
240
0
0
0
1012
1572
0
0
0
0
0
0
0
0
0
0
0
0
0
0
0
0
50681
0
0
28
28
213
0
0
0
0
0
0
0
0
0
0
9043
240
0
0
0
0
0
0
0
0
0
0
0
0
0
0
0
0
0
213
0
0
0
0
0
1128
0
0
0
28
0
0
0
28
0
0
0
0
0
0
0
0
0
0
0
0
0
0
11835
0
0
0
0
0
0
0
0
0
969
0
0
0
0
0
0
0
0
0
0
0
0
0
0
243714
0
0
0
0
0
0
0
0
0
0
0
0
0
0
0
0
0
0
0
0
0
0
0
0
0
0
0
0
0
0
0
0
0
0
36197
0
0
0
0
0
0
0
0
0
0
0
0
0
0
39455
0
28
0
94726
4212
0
0
0
0
0
0
0
0
0
0
0
0
0
0
0
0
0
0
0
0
0
0
0
0
0
5009
0
0
0
0
28
28
0
0
28
0
0
0
0
0
0
0
0
0
0
0
0
0
28
0
65232
0
0
0
240
0
0
0
6619
2472
0
0
0
28
6227
0
482
0
0
0
0
0
0
0
0
0
0
0
0
12855
0
0
0
0
266328
0
0
0
0
0
0
0
0
0
81971
0
0
0
0
0
666
213
0
0
0
0
0
0
0
0
0
0
28
0
0
0
0
0
36264
0
0
0
7883
0
333970
0
0
0
0
0
0
0
0
0
0
28
0
969
0
0
0
0
0
0
0
18089
0
0
0
0
0
0
0
0
0
0
9022
0
0
0
0
0
20851
0
0
0
666
0
0
0
0
0
0
621141
0
0
0
1012
0
0
0
4866
0
240
0
0
0
0
33043
0
0
0
0
0
1986
0
0
0
0
0
0
0
0
0
0
0
0
0
0
0
0
0
0
0
0
28
0
2688
0
3544
0
3400
0
0
0
0
0
12426
0
0
0
0
0
0
0
0
0
0
0
0
0
0
114014
0
0
0
9638
0
213
39685
0
0
0
0
7729
240
0
0
0
0
0
0
0
0
0
0
0
0
29815
0
0
0
0
0
0
0
969
0
0
0
0
0
0
0
0
0
0
0
0
0
0
0
0
3400
0
0
0
0
28
0
0
0
0
0
0
0
0
0
0
0
0
0
0
28
0
0
0
0
0
0
0
0
0
0
0
0
0
0
0
0
0
0
0
0
0
0
0
0
0
0
0
0
0
0
0
0
0
0
0
0
482
28
0
482
28
0
0
0
0
0
0
0
0
0
0
0
0
0
0
0
0
0
0
0
0
10084
0
0
0
0
0
28
300982
0
0
0
28
28
1317
32847
0
0
0
6904
0
0
28
0
288334
0
0
0
0
0
28
0
0
0
28
28
0
2542
266243
2941
0
28
0
0
0
0
0
0
0
0
0
0
0
0
482
56159
0
0
0
0
0
0
28
0
0
0
0
0
0
213
0
0
0
0
0
0
969
0
5671
0
0
0
0
28
0
0
0
28
473
200627
0
1012
28
28
0
2375
0
0
0
28
316173
0
0
0
0
0
0
0
0
0
0
0
0
0
20245
0
0
0
10551
0
0
189639
0
0
0
0
0
48322
0
0
0
473
0
0
0
0
28
0
0
0
0
0
0
0
44301
0
3401
0
0
0
0
0
0
4430
0
0
0
0
0
0
0
0
240
274928
0
0
0
0
213
0
0
0
0
0
0
0
0
0
0
0
0
0
0
213
10084
0
0
0
1317
0
0
0
28
0
0
0
27547
0
0
0
0
0
0
0
0
0
0
28
0
0
0
666
0
0
0
0
0
0
0
0
0
0
0
0
0
9638
0
0
0
0
28
0
17387
6855
0
0
0
0
0
580878
0
0
0
0
0
0
0
326064
0
0
0
0
0
0
0
38875
28
0
0
0
0
473
0
0
0
0
28
0
19257
0
0
0
0
240
0
0
0
0
20742
0
0
0
0
0
0
0
0
0
0
0
0
10888
8560
0
8992
0
40929
0
0
0
0
0
0
0
0
0
80848
0
0
0
0
0
0
28
0
0
0
0
0
0
0
0
0
0
0
0
0
0
0
0
0
0
0
0
0
0
0
0
0
0
0
0
0
28
0
0
2542
0
28
969
0
0
0
0
0
0
0
0
0
0
0
0
666
0
0
0
0
0
0
0
28
0
0
0
0
33010
0
0
0
0
666
0
0
0
0
240
0
0
0
400093
0
0
0
0
0
0
0
28
0
0
0
1572
482
240
666
0
0
0
0
425362
0
24698
0
0
0
5870
0
0
0
0
28
0
477
0
75895
0
0
0
0
0
0
0
0
28
28
0
0
0
0
0
0
0
0
0
0
0
0
0
0
0
0
0
0
0
0
0
0
28
0
0
0
0
0
0
0
0
0
4760
0
0
28
0
0
0
0
28
0
0
0
0
0
0
4108
0
0
0
0
0
0
0
1650
0
28
0
0
0
0
0
0
0
0
0
0
0
0
0
28
0
0
0
1128
0
30937
0
0
0
0
0
0
0
55030
0
0
0
10180
0
0
0
0
0
0
0
0
0
0
0
0
0
0
0
0
28
0
0
0
213
0
0
0
5916
55065
28
0
0
2787
0
139554
0
0
969
0
217121
0
28
0
0
0
0
0
0
0
0
0
0
0
0
0
0
0
28
0
4578
0
0
0
0
0
0
0
0
0
1012
0
0
28
28
0
0
0
0
0
0
0
0
0
0
0
0
0
0
69494
28
0
0
0
0
0
482
0
0
0
0
600853
477
2893
0
0
0
0
0
1572
0
0
0
0
0
0
0
0
0
4977
0
0
0
28
0
0
0
0
0
0
0
0
0
0
28
0
0
0
28
0
0
0
0
0
0
0
0
0
0
0
0
0
0
0
0
28
0
0
0
0
0
0
0
0
0
0
0
0
0
0
0
0
0
0
0
0
0
0
0
0
0
0
0
0
0
77353
0
666
28
0
0
0
28
0
0
0
0
0
0
558862
0
2787
0
0
0
28
0
0
0
969
0
0
28
0
0
0
0
0
0
0
141896
28
0
0
0
0
44413
0
0
0
28
28
0
0
0
0
0
4337
0
0
0
0
0
0
0
0
0
0
0
0
473
0
0
4108
4337
0
0
0
0
0
0
240
0
0
61408
0
0
8069
0
94735
0
0
0
0
4565
0
0
0
0
0
0
0
0
0
0
0
0
0
0
0
0
0
0
0
0
139668
0
0
0
0
0
0
0
28
0
0
0
0
25042
0
0
4266
0
0
0
0
0
0
41168
0
0
0
0
0
0
0
0
0
0
0
0
0
0
0
0
0
0
213
0
0
0
0
0
0
0
0
4760
0
0
0
0
0
0
0
0
0
0
27711
0
39455
0
0
0
0
0
0
0
0
0
0
0
0
0
0
0
86692
0
482
0
0
0
0
0
0
0
28
0
0
0
0
0
8560
0
0
0
0
0
28
0
0
0
0
0
0
0
0
1650
0
0
0
0
0
0
0
0
0
0
0
0
0
213
0
0
28
0
0
0
0
0
0
28
28
0
0
0
0
0
0
0
0
28
0
0
0
11412
0
28
0
0
0
0
0
0
0
0
0
28
0
0
0
28
0
0
0
28
0
0
0
0
0
0
0
0
28
0
4670
125372
0
9638
0
0
0
0
60701
0
0
0
0
0
0
0
0
0
0
0
0
0
0
0
0
0
386529
0
0
0
28
0
0
0
28
0
28
0
28
28
0
0
0
2941
0
0
0
0
240
0
0
0
0
0
0
0
28
0
0
0
0
0
0
0
0
0
0
0
28
28
0
0
0
0
0
0
482
0
0
213
0
0
0
0
0
0
0
14323
0
0
0
10053
0
0
0
0
0
0
0
10921
4565
0
0
0
0
9326
14107
0
0
68782
0
0
0
570331
28
0
0
28
0
0
240
0
28
0
0
0
37178
0
0
0
0
0
0
0
0
1012
0
64242
0
0
0
0
28
0
0
0
0
0
0
0
0
0
7974
0
0
0
0
0
0
0
0
0
0
0
0
666
0
0
0
0
0
2375
0
0
0
0
0
0
0
473
0
0
0
12493
0
0
0
0
0
5870
0
9097
0
28
0
0
0
0
0
10551
0
0
0
0
0
0
0
0
0
0
0
0
0
0
145120
0
0
3400
304226
0
0
0
0
0
0
0
652674
0
0
28
666
0
28
28
0
269967
0
513395
0
0
0
0
0
0
0
0
0
240
0
0
0
0
589836
0
0
238901
0
0
0
0
0
0
477
0
473
0
0
0
0
0
0
0
0
0
0
0
0
0
0
0
2401
0
0
0
214087
0
0
0
28
0
0
0
0
28
0
0
10153
7957
0
0
169078
0
0
0
0
28
0
0
0
0
0
0
0
0
0
0
0
0
638519
0
0
28
0
0
0
0
0
666
0
0
0
0
0
0
0
0
0
0
0
0
0
0
0
0
213
0
0
0
0
0
0
0
28
2375
473
0
0
29781
28
0
0
0
28
6686
0
0
0
0
0
0
0
0
240
0
0
0
213
0
0
0
0
240
15038
28
0
314877
0
0
28
0
0
0
0
0
0
0
0
28
28
0
0
0
0
0
0
0
0
0
0
0
0
0
0
28
0
0
0
0
94735
0
0
0
0
0
0
0
0
0
0
0
0
969
0
0
0
0
0
0
0
28
0
0
0
0
0
0
0
0
0
0
0
0
0
0
0
0
0
0
0
0
0
0
0
0
0
0
0
0
20829
0
0
0
261430
0
0
0
0
0
0
0
666
0
0
2359
0
0
0
0
0
0
0
1695
0
124709
0
0
0
11600
0
0
0
0
46457
0
0
28
0
0
0
0
0
0
0
0
0
0
0
213
0
10845
0
0
0
0
0
0
0
0
0
0
0
2375
0
0
0
0
0
0
0
0
0
0
0
0
0
0
240
0
0
0
0
0
0
0
0
0
0
0
0
0
0
482
0
28
536
2223
0
16188
0
1128
0
0
0
0
4499
0
0
0
0
0
0
0
0
0
0
107122
0
0
0
0
0
0
550120
0
28
290520
28
28
0
3490
0
0
0
0
0
0
0
0
666
0
8614
0
15658
0
0
0
0
28
0
0
0
0
0
28
0
0
0
0
0
0
0
0
0
0
0
0
0
0
28
0
0
0
0
0
0
0
473
0
1317
0
0
0
17743
0
0
0
0
0
0
0
0
0
0
0
0
0
11600
0
0
0
71373
0
0
0
0
0
0
0
0
0
1990
0
0
0
0
0
0
28
0
0
0
0
213
0
0
0
0
0
0
0
0
0
0
0
4956
0
0
0
3400
0
0
0
0
0
0
0
0
499311
0
0
0
0
0
259481
0
0
0
0
0
0
0
0
477
0
28
0
1990
0
0
0
0
6078
0
0
0
0
0
0
0
744
0
0
0
0
0
0
0
0
0
0
0
0
0
0
0
0
0
477
0
0
0
0
0
0
0
0
0
0
0
536
0
0
0
0
28
0
0
4589
0
0
0
0
0
294595
0
0
0
0
0
0
0
0
0
0
0
0
0
0
28
15826
0
0
0
0
0
0
0
0
0
0
0
0
0
0
0
0
0
0
0
0
0
0
0
0
0
0
0
0
0
0
0
0
0
8304
0
0
0
0
6078
0
0
0
0
56549
0
0
28
0
0
0
0
0
0
28
0
0
101447
0
0
0
4212
0
0
0
0
0
0
0
477
0
0
0
0
0
0
0
0
4389
0
0
0
0
0
0
0
0
0
0
0
0
28
0
0
0
0
0
0
0
0
0
1317
0
0
0
0
0
0
0
0
0
0
42134
447478
0
0
0
0
482
0
0
0
0
0
0
0
0
0
0
0
5863
0
0
473
422085
0
0
0
0
0
32443
84813
0
0
0
0
0
0
0
0
0
0
0
12698
0
0
0
0
0
0
0
0
0
0
1572
7611
0
0
28
28
240
0
0
0
0
0
0
33785
0
0
0
28
0
0
0
0
0
0
28
0
0
0
0
2747
0
0
0
0
0
0
0
10588
0
28
0
0
0
0
28
0
0
0
0
0
0
0
0
0
0
0
0
15959
0
0
0
0
0
213
482
28
0
0
0
0
0
0
0
28
0
0
0
0
0
12855
0
29908
0
0
0
0
0
0
2222
0
0
10784
0
0
16631
28
0
0
1120
0
0
0
110169
9525
0
0
0
0
0
0
0
0
0
0
0
0
0
0
0
0
0
28
0
613578
0
0
0
0
0
0
0
0
0
0
0
0
0
0
0
0
0
35256
0
0
0
8417
0
0
0
0
1120
4670
0
0
0
0
4760
0
20216
0
0
0
0
0
0
0
0
0
0
0
0
0
0
2222
0
28
5866
26423
0
0
0
0
0
0
0
0
0
0
0
969
9638
0
28
0
0
0
0
0
9022
0
0
0
536
28
477
212159
0
0
28
0
0
0
0
0
14228
0
0
0
0
0
0
0
213
0
28
0
240
0
223297
0
0
0
0
0
0
0
28
0
0
1317
0
0
28
0
0
536
0
0
0
1514
0
0
0
0
76277
80767
0
0
0
0
94726
0
0
0
0
0
0
0
0
0
0
0
0
0
0
0
0
0
0
0
0
0
0
0
0
0
20829
0
0
0
0
0
0
0
0
0
0
0
0
213
0
0
0
0
0
0
0
0
0
0
0
482
176517
0
0
0
8028
0
0
0
25027
0
0
0
666
0
0
0
0
0
186020
0
10053
213
0
0
28
0
0
0
0
0
0
0
0
0
0
0
0
0
0
0
28
240
0
0
0
0
0
0
0
0
0
0
0
0
9658
0
0
391097
0
0
3400
0
0
0
0
0
0
0
0
28
146928
0
221810
0
4565
0
0
0
0
0
8880
0
0
0
0
240
0
0
0
0
0
0
0
28
0
0
0
1650
0
0
0
0
0
0
0
0
20901
0
0
0
0
0
0
0
0
0
0
0
0
0
1120
0
0
0
0
0
0
0
0
0
0
0
65868
0
0
0
0
4389
477
0
0
0
0
0
0
473
0
0
0
0
0
744
0
1682
0
0
0
38804
0
0
43186
0
0
28
0
28
0
0
0
0
3401
0
0
0
207591
0
0
536
0
0
0
0
6227
0
0
0
28
0
0
0
0
536
0
28
33275
0
0
0
0
0
0
0
4713
0
0
0
0
0
0
0
0
0
0
0
0
0
0
0
0
213
60430
0
28
0
0
0
0
8901
0
0
28
0
240
0
0
0
0
0
0
6511
0
482
0
0
0
482
28
0
0
26510
0
2941
0
0
0
0
0
28
0
0
81971
0
536
17332
0
28
7974
0
0
1128
0
0
0
0
3567
0
0
613009
20851
0
0
0
0
8614
0
0
0
0
0
0
0
0
0
6686
0
0
0
0
0
0
7733
0
0
28
0
0
1572
0
0
6506
0
0
0
0
0
0
0
0
0
0
28
0
0
0
0
0
0
0
0
0
0
0
0
0
28
0
0
28
0
0
0
0
0
0
0
666
0
0
0
0
0
0
0
0
0
28
0
0
0
0
0
0
2223
0
0
0
0
0
0
0
76536
28
21939
0
0
0
0
0
0
0
28
0
0
0
0
34399
0
0
0
0
0
0
0
0
3490
0
0
0
0
0
1695
0
0
28
1695
0
0
28
16170
0
0
0
0
0
0
0
0
0
0
0
0
0
0
0
0
0
0
0
7132
0
0
0
0
0
0
0
0
684301
0
0
0
666
0
27622
0
0
0
0
0
0
395389
0
0
0
0
0
0
0
0
28
2265
0
0
0
0
0
0
0
0
0
18235
0
0
0
28
0
0
0
0
0
0
28
0
0
0
0
36310
19242
1695
0
0
0
0
0
213
0
477
0
0
0
0
0
0
0
0
1682
0
0
0
0
0
0
0
0
0
0
0
0
0
0
0
20245
0
0
0
0
0
0
28
0
31431
0
0
0
0
0
0
0
0
0
1990
0
0
0
89515
0
0
0
0
0
0
0
0
28
8992
0
0
0
0
0
0
0
0
39810
0
0
0
0
0
0
23066
0
0
0
0
0
0
0
0
0
0
666
969
0
0
0
0
23525
28
213
0
21490
0
65868
0
0
0
0
0
0
0
0
0
0
0
482
0
0
0
0
0
0
0
0
28
0
0
0
0
0
0
0
536
0
0
1986
0
0
0
0
0
0
0
0
0
0
28
0
0
0
0
0
0
0
0
0
53775
0
0
79694
0
0
0
0
0
2375
0
0
0
28
0
0
0
0
0
0
0
0
0
0
0
0
0
0
31881
28
28
0
0
0
267035
0
0
0
0
2893
109000
1986
0
0
0
0
0
0
0
0
0
0
0
0
0
0
0
2472
0
0
0
0
0
0
0
0
321838
0
0
0
0
5104
28
223621
0
536
0
0
0
0
0
0
0
0
334614
0
0
0
0
28
57279
0
0
4880
64532
0
0
0
0
0
0
5401
0
0
5104
0
0
0
250823
0
0
0
0
0
0
473
0
0
0
0
0
0
0
0
0
0
5074
0
0
0
0
0
0
28
0
0
0
6686
2375
0
0
0
0
0
0
2941
1990
0
28
28016
0
0
477
0
0
0
0
28
0
0
0
0
0
0
0
28
0
0
0
0
0
0
0
0
0
0
0
0
105422
0
21089
0
0
0
0
0
0
0
4977
2375
0
0
0
0
0
0
0
0
0
0
0
0
6227
0
0
28
0
0
0
0
0
28
0
0
151168
10084
28
0
0
0
0
0
0
2688
0
0
0
0
0
28
0
0
0
0
0
0
0
1514
0
0
0
0
0
28
0
0
7733
0
0
0
0
0
7974
0
0
0
0
0
0
9660
0
0
8992
0
0
0
0
0
0
0
0
0
3773
0
28
0
0
323763
0
0
0
0
0
0
658
0
0
0
0
0
0
0
27610
0
0
0
0
0
343130
0
0
0
0
0
0
0
658
124394
0
0
0
0
0
0
0
0
0
0
0
0
4866
28
0
171175
182385
0
10134
0
28
6901
0
0
0
0
15486
2197
0
0
0
65323
240
0
0
0
0
0
28
28
0
0
0
0
0
0
0
0
1990
0
0
0
0
0
0
0
0
0
0
0
0
0
0
0
0
0
0
0
0
0
0
0
0
0
0
0
0
0
0
0
0
16365
0
0
0
2375
0
0
0
0
0
28
0
0
0
0
0
0
0
28
0
0
0
0
5176
0
0
0
0
240
0
0
0
0
0
2941
0
0
0
0
0
0
0
0
92755
69866
0
473
0
0
0
0
268239
0
1128
0
0
0
0
0
0
0
0
473
0
0
28
0
0
0
0
0
0
3567
0
44435
0
149821
5009
0
0
0
0
0
0
121903
28
28
0
663353
0
0
0
0
0
344796
0
0
0
392291
0
0
0
473
482
0
0
0
28
0
213
0
0
5104
0
0
0
0
0
0
0
28
0
93184
0
0
0
0
473
0
0
70051
0
0
0
0
0
0
0
82300
0
0
0
0
0
0
0
0
0
0
0
0
0
0
0
0
0
0
7958
5176
0
0
0
80753
666
0
213
0
3047
0
0
213
0
0
0
0
0
0
0
2472
0
0
0
0
0
0
0
677790
0
0
0
7485
0
42744
0
0
28
0
0
0
0
0
0
0
27610
0
0
0
0
0
203158
0
0
0
0
0
0
479301
0
0
744
0
0
0
132517
0
0
0
0
0
0
0
0
0
0
213
0
0
28
0
0
0
0
0
28
0
0
0
0
12325
0
0
482
0
0
0
0
0
0
0
28
339552
0
0
0
0
0
33889
0
0
0
136776
0
16409
0
9326
0
0
68931
0
0
0
0
0
0
0
0
8614
0
0
0
0
0
0
0
0
0
0
80067
0
0
0
0
0
0
138917
0
0
0
0
0
0
0
0
0
0
0
0
0
0
0
0
0
0
0
0
0
0
0
0
0
0
0
0
0
0
0
0
0
0
0
0
0
83306
0
0
0
0
0
0
0
0
0
0
0
0
3960
0
0
0
3567
28
0
0
0
0
0
0
0
0
0
2197
28
0
0
1012
0
0
0
0
0
0
0
0
1128
0
153951
28
0
452141
0
0
0
1682
744
0
0
0
28
0
0
0
0
0
28
0
21423
0
0
44502
0
1120
0
0
0
0
28
0
0
0
0
0
0
0
0
0
0
0
0
0
0
0
0
0
0
0
0
5027
482
0
18089
14247
9669
0
0
0
2197
0
0
0
0
0
0
6856
0
0
0
0
0
0
0
28
0
0
0
1215
482
0
0
0
0
0
28
213
0
0
1695
0
49490
0
0
0
0
0
0
0
0
0
0
0
0
0
17743
0
0
102427
0
0
473
12144
0
0
28
11994
477
0
0
0
0
0
4389
0
0
0
0
658
0
0
0
0
0
0
3289
0
0
14308
0
148717
0
0
0
1735
0
473
0
0
0
0
0
0
0
0
0
2747
0
0
0
0
0
1735
2472
0
0
0
0
240
0
0
0
0
0
666
0
0
0
0
0
0
0
0
0
0
658
0
0
0
536
0
0
0
5671
133109
0
744
0
3401
0
7957
0
0
0
0
130903
0
0
0
0
0
0
0
0
0
0
0
0
0
9660
328194
0
0
0
28
5009
0
41118
0
0
0
0
0
0
0
0
1012
0
0
0
0
0
0
28
147109
0
0
0
0
0
0
0
0
0
0
0
0
0
0
0
0
0
0
0
0
0
0
0
0
0
10551
0
0
0
0
0
0
0
0
0
0
0
0
0
0
0
0
0
63840
0
0
0
0
0
0
28
28
0
0
16141
0
329171
0
0
0
0
0
1215
0
0
0
0
0
0
1215
0
0
1012
0
0
1650
28
0
0
0
28
0
0
0
0
0
0
0
0
0
0
0
271150
477
0
0
0
0
0
5280
0
0
2375
0
0
0
0
28
0
0
0
0
0
0
0
0
0
0
0
28
0
473
33785
0
0
0
0
0
0
0
0
0
0
240
0
0
0
0
0
0
0
638099
4956
0
0
0
0
0
28
1996
0
0
0
0
0
28
0
0
259481
0
5671
0
0
0
0
0
0
0
28
0
0
0
0
0
0
0
0
28
0
0
0
0
0
0
0
0
0
0
0
0
0
3047
0
0
0
0
0
0
0
0
0
0
0
0
0
21192
0
0
658
240
0
0
10345
0
0
0
0
0
0
0
0
0
5184
0
0
0
2359
124025
0
0
0
666
0
0
29832
0
0
340158
0
4997
0
0
0
4880
0
0
0
0
0
0
0
0
0
0
666
7132
35111
0
0
0
0
0
0
0
0
0
0
0
0
0
0
0
0
10271
536
0
1986
0
0
0
0
0
0
453431
0
0
0
5176
0
0
0
0
0
0
0
0
0
0
0
0
0
0
0
0
0
0
0
0
0
0
0
28
0
0
0
536
0
0
0
0
0
17613
0
130274
0
0
0
9039
0
0
0
0
0
28
9180
0
473
4880
0
4956
0
183592
1120
0
0
0
5916
0
0
0
0
0
0
0
0
0
0
15246
0
0
0
0
473
0
0
401
0
0
0
0
0
0
0
0
0
0
0
0
0
0
1215
0
0
0
0
0
0
0
42055
0
0
0
0
0
0
198850
0
1120
21694
0
0
0
0
7957
0
0
1120
0
0
0
28
0
0
0
0
0
0
0
0
0
0
0
0
0
0
0
0
0
0
0
0
56159
0
0
213
0
0
0
673687
0
0
0
0
0
0
0
0
0
6901
0
0
26759
0
0
0
0
0
0
41454
0
0
0
0
0
969
9939
0
0
0
0
0
0
0
0
0
0
0
28
0
969
1990
0
0
0
0
6441
0
0
0
0
19764
0
0
18177
0
0
0
0
0
0
0
0
0
0
0
0
0
0
0
0
0
0
0
28
0
0
0
0
0
1128
0
0
0
0
0
306135
0
0
0
0
0
0
0
0
0
0
0
0
0
0
0
0
0
0
0
0
126088
1990
473
0
0
0
0
1120
969
0
28
0
0
0
0
0
0
0
0
0
0
0
0
536
0
0
28
0
3490
0
0
0
0
0
0
0
0
28
0
0
0
0
0
0
0
0
0
28
38959
0
0
0
0
247977
0
536
63342
28
0
0
0
0
0
8417
176325
0
0
0
0
42701
658
0
28
0
0
0
0
17479
0
0
666
0
213
0
0
0
0
0
0
0
0
0
28
85517
0
0
0
0
0
0
0
0
0
0
0
0
0
0
0
0
0
563482
0
0
0
0
0
0
0
0
0
0
0
4880
0
0
0
19047
28
211662
7878
0
0
4430
0
0
0
0
0
28
240
0
0
0
0
0
0
74848
0
0
0
0
0
0
0
0
28
0
0
28
0
0
0
0
0
0
0
0
0
0
0
0
482
28
0
0
0
0
0
0
0
28
658
0
28
0
0
0
0
0
0
0
0
16328
0
0
4916
0
0
0
0
0
121743
2197
0
4866
0
0
0
0
0
0
0
0
0
0
0
0
0
0
0
0
0
0
0
0
0
0
0
0
0
473
0
28
0
41118
0
666
0
0
0
0
0
0
0
0
0
0
3475
79694
482
0
0
0
0
213
0
0
0
6078
0
0
0
0
0
5671
0
0
0
28
0
17711
0
0
0
0
28
0
0
0
0
0
0
32024
264398
12057
0
536
0
0
0
0
0
11412
0
0
0
0
0
0
0
0
0
0
0
0
0
0
69242
0
4830
0
0
0
0
25410
4866
0
0
0
0
0
0
3401
0
0
0
0
0
0
0
0
0
0
0
0
0
0
0
0
0
0
0
0
0
0
0
0
0
0
28
0
0
42911
0
0
0
0
0
0
0
0
0
28
0
0
0
0
0
0
0
0
0
0
0
0
0
62617
0
0
0
0
0
12493
0
28
0
0
0
10551
0
0
0
3490
0
0
0
0
0
12325
0
0
0
0
0
0
658
0
0
0
0
0
0
0
0
0
0
0
0
4729
477
0
0
0
0
28
0
0
0
0
0
0
63410
0
28
0
658
0
0
4760
28
0
0
0
0
16631
0
0
0
32303
0
0
0
0
0
401
0
0
0
0
0
0
0
0
0
0
0
0
0
0
0
0
4830
0
0
0
0
0
1695
0
0
54089
0
0
0
0
0
0
0
0
0
0
0
22959
0
0
0
0
0
0
0
0
7949
28
0
38968
0
0
0
658
28
0
62256
0
1120
0
147883
0
21089
0
0
0
0
482
0
0
0
0
0
0
60701
0
0
0
0
0
0
28
0
0
0
0
0
0
0
69044
0
0
0
0
0
401
0
33084
0
0
0
0
0
0
0
0
1012
0
0
0
0
34050
28
0
0
0
0
0
0
0
0
0
28
0
0
0
0
0
0
0
0
744
0
144049
1128
0
0
0
2039
0
0
501177
0
0
28
0
0
1650
137926
0
0
571513
0
0
0
0
0
0
0
2223
0
0
0
28
0
0
0
0
666
0
0
0
0
0
0
0
0
0
10922
0
0
0
0
969
0
28
23627
2223
0
28
0
0
0
0
0
0
0
0
4729
0
28
2223
0
0
0
0
0
0
0
0
0
34060
0
0
4286
0
28
0
3773
129841
0
0
0
28
0
0
0
0
0
276984
0
0
0
0
0
1650
0
0
0
0
0
0
28
0
213
0
0
82361
0
0
0
53245
0
0
0
0
0
28
0
0
0
0
0
0
0
0
28
0
28
0
0
108330
0
50078
0
0
0
0
0
0
0
482
0
556101
0
6686
0
0
0
3521
0
0
0
0
0
76063
0
213
0
0
536
0
0
0
473
0
0
0
28
34968
0
0
0
0
0
28
3960
0
0
0
240
0
0
0
0
0
0
28
4830
96479
0
0
4713
0
0
0
0
0
0
666
0
0
0
142371
0
6901
0
0
0
0
0
0
0
0
0
0
0
0
0
0
0
0
0
0
13845
0
0
28
0
42533
0
82300
80753
0
0
477
1128
197931
0
0
0
0
0
0
0
0
0
0
6619
0
0
0
0
0
482
1120
1996
0
4266
28
62810
0
0
0
0
0
0
1572
0
0
0
451585
0
0
0
0
447
0
0
0
28
0
287578
2197
0
0
240
0
0
0
0
0
0
0
0
0
0
0
24573
0
0
0
0
0
0
43186
0
0
0
0
0
0
0
17258
0
4430
0
0
0
0
0
0
0
0
0
658
0
0
213
0
19175
0
0
0
0
0
137062
4578
23752
0
0
0
0
32547
0
4565
0
0
0
14849
0
28
0
162112
0
0
0
0
0
0
0
0
0
0
0
0
0
0
0
0
0
0
447
0
20851
0
0
0
0
0
536
0
0
477
0
0
0
0
0
0
0
0
0
102606
0
0
0
0
0
0
0
0
0
0
0
0
0
0
0
0
0
0
0
85517
0
1650
0
0
0
0
212799
0
0
447
0
0
0
4565
0
0
0
0
4565
0
0
0
0
0
10345
401
11077
0
423137
0
0
0
0
0
0
0
0
0
0
0
0
27551
248001
0
0
114341
0
154951
0
0
0
0
0
0
0
0
0
0
0
0
0
0
0
0
205217
0
0
0
0
240
0
0
0
0
0
0
0
0
0
0
38513
0
0
0
0
0
0
0
0
0
0
0
0
0
48833
0
28
0
28
0
0
0
0
213
28
28
0
0
110402
37103
5863
0
0
0
0
0
213
0
0
0
0
0
0
0
6383
0
0
0
0
0
28
0
0
2818
0
1986
269082
0
0
0
969
0
0
0
22175
0
0
0
0
0
1120
0
0
51261
0
0
0
0
0
0
0
0
0
0
0
0
477
0
0
0
28
0
0
0
0
0
0
0
0
0
0
0
0
210905
0
28
59707
0
0
0
0
0
0
0
0
0
51765
8901
0
0
7035
33084
7035
239665
28
0
0
0
28
0
0
0
0
195559
0
0
0
0
0
80537
0
0
0
0
28
28
0
53040
0
0
9
28
0
0
28
28
9
278324
401
9
0
0
1695
0
28
0
0
0
9
9
0
28
21490
9146
0
240
9
9
0
0
17072
0
0
0
9
9
22175
0
473
538562
0
0
9
0
0
0
0
1695
658
9
0
0
9
9
0
191247
28
28
0
0
0
12544
3289
9
0
0
9
0
9
0
49852
0
0
9
9
0
28
0
0
0
91536
0
0
28
0
0
0
0
0
0
9
0
0
0
0
2924
0
0
0
16170
3544
0
9
0
0
10771
9
0
4589
9
0
3475
0
9
529742
28
82779
28
1682
9
0
4389
61001
136753
0
9
9
0
9039
9
8853
0
0
0
0
0
9
0
1735
0
0
34949
9
0
0
0
9
401
0
0
9
0
0
0
0
0
0
0
0
0
9
3090
24582
9
0
0
165567
9
9
9
0
0
0
54017
0
0
0
0
0
0
482
0
482
0
9
240
0
0
0
62091
0
0
0
0
0
9
0
9
0
0
0
0
0
0
9
0
0
9
213
9
10888
16482
9
0
28
240
0
0
65108
28
0
0
0
213
0
0
0
0
0
0
28
0
4337
0
0
473
0
8853
473
0
0
8304
9
0
28
0
9
0
1735
119376
9
1128
0
0
52349
28
9
240
0
0
9
0
28
0
3047
213
9
1986
0
0
6686
1128
0
9
9
0
240
0
0
9
8134
0
3544
0
0
0
0
0
0
0
0
28237
0
0
0
31339
0
9
0
28
0
0
0
9
11722
3400
0
28
240
0
0
0
0
9
0
0
0
9
0
9
9
9
0
9
0
9
0
67813
0
0
0
9
0
10311
0
0
0
6078
0
0
7878
9
0
3960
0
219701
0
0
0
9
9
0
9
0
473
0
0
0
0
0
9
0
0
0
9
0
0
9
9
0
0
28
0
0
0
213
4202
0
0
9
0
28
0
0
0
3401
0
0
0
9
9
0
0
0
0
0
0
0
9
0
0
0
0
9
0
9
0
0
2787
67702
9
0
0
0
0
50705
0
0
0
9
0
5827
9
0
0
0
0
658
0
9
28
0
0
0
0
0
401
0
0
0
28
0
0
9
0
0
0
0
9
66114
0
51885
28
0
9
9
0
0
9
28
0
477
42359
0
9
9
4389
0
27108
0
0
0
0
9
12426
0
9
9
1012
0
240
9
9
0
0
0
0
10799
0
0
0
9
0
9
0
0
0
9
0
0
28
9
0
0
12544
0
0
9
0
0
0
0
9
9
16001
0
0
28
0
10271
0
0
0
0
0
0
0
9
0
9
28
9
2893
0
283644
240
0
447
0
0
0
0
0
0
473
0
9
61047
127934
9
0
0
0
9
0
7733
0
11659
9
0
0
9
171716
0
0
9
0
9
14228
28
0
9
240
0
213557
0
655984
536
0
0
0
213
9
65066
0
28
0
8649
0
9
28
16482
0
0
16482
164011
0
0
6686
28
0
9
0
0
0
9
0
9
0
0
1650
4499
0
0
0
264
9
473
9
9
110402
0
0
0
0
264
0
0
0
0
1682
0
0
0
0
9
4589
0
0
9
85517
0
0
28
28
9
1128
0
9
0
9
0
0
9
0
0
0
473
9
0
0
9
9
0
9
0
9
447
28
447
0
9
0
969
9
0
9
0
9
447
9
7949
9
0
0
2903
213
0
0
0
0
0
0
9
0
0
0
0
0
4477
9
0
0
0
8992
9
9
28
56398
0
0
0
0
0
0
0
0
28
9
536
658
0
9
0
0
0
0
0
9
0
0
0
0
1351
4108
9
0
0
264
0
28
0
0
0
0
217275
0
0
0
0
0
16708
0
9
0
0
0
0
0
14228
0
0
213
0
121981
0
0
0
0
0
9
0
0
0
0
2223
0
0
9
0
9
0
0
9
9
0
9
0
28
28
9
9
0
0
0
4565
0
0
45675
0
9
0
0
28
0
0
0
0
9
9
9
0
9
0
0
0
0
28
427516
0
0
0
0
0
0
0
0
0
9
0
0
126256
0
0
9
0
0
0
95900
0
9
9
0
9
0
9
9
0
0
0
0
0
0
9
9
9032
0
0
9
0
105973
0
0
0
17072
9
0
9
0
7729
63342
45112
0
0
0
0
9
9
330336
0
0
1986
0
0
0
0
9
0
0
0
0
9
0
0
0
9
0
9
9
9
9
0
5827
0
0
0
239451
9
9
0
0
0
0
0
28
0
447
0
9
9
0
9
29908
0
0
9
0
0
0
0
0
0
28
0
9
0
0
0
90493
0
0
9
0
0
9
0
0
0
0
213
0
0
9
9
9
0
0
0
9
10451
9
0
69959
0
9
0
0
0
28
0
9
181762
9
0
0
0
9
9
0
0
0
4578
0
43063
28
0
0
9
3475
9
9
10365
0
143632
0
0
666
0
0
0
0
0
16170
264
1735
0
0
91507
0
0
9
9
0
0
9
0
9
0
28
69242
477
0
9
0
0
0
9
0
4116
9
9
0
0
0
48434
0
0
0
0
0
9
0
0
9
0
0
0
0
0
28
0
0
0
9
0
0
3475
0
0
22394
20742
9
0
0
0
29883
0
0
0
0
0
7132
0
9
32581
0
0
473
0
0
0
0
0
0
0
433425
666
0
0
0
0
0
0
0
482
9
0
0
9
0
482
1986
9
240
0
0
1735
0
9
9
0
0
0
24188
0
34109
0
0
0
28
9
0
0
0
0
0
0
0
0
28
0
9
0
9
0
9
9
0
0
12325
0
111269
0
83692
250160
0
0
9
0
50974
536
0
0
28
0
5184
0
0
9
9
0
0
21204
240
0
0
0
32488
0
677599
2039
0
482
0
447
0
0
0
0
0
0
28
0
1695
0
0
0
0
0
0
0
28
0
3490
477
33072
0
0
1695
0
0
0
0
0
0
3544
0
9
0
0
0
0
0
9
0
0
59686
0
0
0
0
9
0
9
0
9
9
9
0
29832
28
9
0
666
264
3130
482414
4499
213
0
9
0
9
969
9
0
0
7949
0
2747
0
0
0
0
0
9
0
28
66157
0
0
9
28
9
30114
33436
9
9
0
0
0
0
0
9
0
0
0
14853
9
0
0
0
0
0
213
0
9
0
9
28
0
0
1990
9
0
0
0
9
9
0
0
0
0
9
0
0
0
9
0
5508
9117
0
28
4578
83880
0
1695
28
0
0
0
0
0
0
536
264
9
0
0
2903
71800
0
0
2893
0
0
9
0
42745
10922
0
3047
9
28
0
0
0
0
49435
9
0
0
0
0
0
145670
264
9
0
0
0
0
0
0
0
0
0
28
0
0
0
9
28
0
9
0
0
10551
0
9
0
9
0
9
0
658
401
0
0
28
3773
477
0
0
0
0
0
35078
0
0
0
0
0
9
0
0
0
0
9
9
0
0
0
9
0
9
0
0
0
0
68573
11077
0
0
2688
0
0
28
328329
0
0
0
28
9
0
0
28
0
0
0
28562
126631
91452
9
0
0
1351
0
0
257637
9
3289
0
0
9
0
11600
9
9
0
0
9
0
0
0
0
25456
0
9
9
0
0
0
264
0
0
28
0
0
0
9
28
9
0
0
0
9
0
9
9
28
0
0
9
9
0
139332
0
0
9
0
213
0
0
477
3287
0
666
0
0
9
9
0
0
0
0
0
28
9
0
264
0
0
0
0
9
0
0
0
0
0
9
0
0
2688
0
0
0
28
0
401
28
0
0
0
0
0
0
0
23127
0
9
28
0
15826
6025
26759
0
0
0
0
9
0
1762
0
9
0
0
0
0
9
0
0
0
0
0
0
0
0
0
0
177015
0
744
25027
0
447
0
0
0
9
0
9
9
240
473
477
0
30628
0
0
0
0
0
0
9
28
0
0
0
240
0
0
0
0
21584
0
0
9
482
9
8417
382822
0
9
0
418076
0
0
9
9
0
0
0
28
0
0
0
9
9
0
0
9
0
0
0
1650
3400
9
477
240
0
0
0
0
0
0
28
0
9
0
0
0
540217
0
0
206172
0
0
0
0
9
64742
9
9
4116
0
0
2039
9
0
666
0
28
0
0
0
0
28
7667
0
0
28
0
0
9
9
0
0
173634
0
0
0
28
0
0
0
0
11800
0
0
0
3567
9
0
0
0
0
0
9
2818
9
0
6585
0
0
0
0
0
0
9
473
9
0
0
0
17892
9
9
0
18287
0
9
0
9
0
72142
9
0
9
0
0
17610
9
0
0
0
8417
0
9
28
0
0
0
0
34109
9
9
0
0
67521
0
689340
9
0
0
969
133765
0
21824
9
28
0
10784
0
9
33303
28
0
0
28
28
15658
0
9
8401
0
0
0
0
9
0
0
0
9
0
9
0
7974
0
108126
401387
0
0
0
0
0
16966
0
0
0
0
9
0
20616
0
28
2818
744
9
0
9
9
9
0
0
9
9
482
0
0
9
0
0
0
0
0
0
0
0
0
0
8175
0
9
9
0
0
0
28
9
0
0
0
9
9
0
0
9
431914
28
0
0
0
0
9
0
0
0
28
23470
28
0
0
0
9
9
0
0
0
658
5866
0
9
9
0
4202
0
0
0
7883
0
28
407512
9
0
9
667
0
0
0
0
0
0
0
31093
9
9
479643
0
9
0
0
9
9
0
0
9
28
17610
0
0
0
9
9
28
0
0
0
0
486558
0
482
0
386960
9
0
28
0
9
0
9
9
0
9
9
0
0
0
9
0
9
9
9
9
3567
0
0
0
0
9
0
0
0
0
0
0
0
0
0
0
240
9
9
0
0
0
9
0
0
0
0
0
28
28
0
0
0
0
0
28
0
0
0
0
0
536
267327
9
294624
666
8614
0
0
0
0
0
9
0
0
0
9
8376
9
0
0
0
9
0
3567
0
9
0
0
0
9
0
0
9
0
0
0
28
0
0
9
9
0
0
0
0
4565
9
0
9
0
2818
0
9
0
9
0
9
0
0
0
0
9
258653
0
0
0
1351
9
0
0
0
0
0
28
9
264
3090
2688
0
0
181610
9032
9
9
28
0
9
0
9
9
9
28
101198
11979
9
0
0
0
401
9
9
0
3773
0
0
9
54794
0
9
0
9
0
0
0
0
0
348199
0
9
213
0
9
0
0
0
0
0
9
28
9
0
0
0
0
28
46485
9
477
0
969
0
0
0
0
0
9
9
482
9
0
0
2039
0
0
666
0
0
0
28
9
240
0
0
0
0
240
9
0
658
0
0
1695
0
0
0
0
0
667
0
9
0
347028
0
0
0
0
0
0
240
2787
0
0
5866
0
0
0
0
28
9
0
28
0
28069
9
0
0
9
0
0
9
0
0
0
0
0
9
247977
0
0
3400
0
15186
9
0
0
0
0
9
0
0
5359
0
0
9
0
9
0
240
0
0
95494
0
211662
0
0
3806
0
0
0
0
9
0
0
0
28
28
28
28
0
28
0
9
3047
9
0
0
3806
0
0
0
48021
240
28
0
4477
0
0
0
9
9
0
0
9
63060
0
0
0
9
0
1996
28
35586
12426
28
240
447
0
0
0
28
0
0
0
0
28
0
3960
0
0
0
0
0
0
9
9
0
659268
28
0
0
0
3521
9
0
0
3287
536
0
0
0
4578
0
0
0
9
0
0
0
4578
0
273290
9
0
0
9
0
0
9
0
0
0
9
10588
0
0
0
533236
0
1996
21932
9
0
9
0
28
0
0
0
340558
9
9
9
0
0
0
0
9
0
0
0
28
0
0
0
9
0
34949
0
1735
9
134322
482
658
0
0
24465
9
0
0
0
0
28
9
9
9
0
6078
9
0
0
0
28
0
0
9
0
0
28
0
9
0
0
1695
9
0
9
0
0
9
0
0
0
0
0
0
0
0
7729
28
477
0
0
28
240
0
0
9
28
0
0
0
0
0
9
0
28
0
0
28
9022
2265
0
0
0
0
0
666
0
0
0
0
0
0
213
0
5280
443772
0
16680
0
8401
0
213
0
0
96012
0
31191
0
0
0
28
0
9
0
0
0
9
9
0
9
9
473
24855
0
0
0
0
9
482
9
0
0
0
0
204750
56883
0
0
0
0
0
0
0
201068
1986
0
0
0
1514
0
1291
0
9
0
0
477
0
0
477
0
28
0
658
0
0
0
0
16141
0
0
0
70550
0
0
89636
0
213
658
0
9
0
0
0
0
0
0
0
0
4212
9
28
4108
9
28
0
0
0
0
4477
8992
0
0
0
9
9
0
0
9
28
28
9
9
0
0
9
0
0
9
240
658
0
0
9
9
0
0
9
9
1128
0
0
401
92755
0
0
23885
1100
1986
9
0
0
0
0
4212
2818
0
12493
0
9
0
0
28
0
658
211752
0
658144
401
9
9
0
0
0
9
16789
0
9
0
0
0
0
0
8304
0
28
0
0
0
0
0
9
28
0
0
70725
0
0
0
0
0
0
0
0
9
0
0
1514
0
0
9
0
0
0
7949
32990
0
0
0
0
0
9
0
9
9
9
0
9
9
0
0
9
0
0
9
9
0
0
9
0
3289
9
0
9
0
0
0
0
24357
0
0
240
0
22175
25001
0
0
132442
0
0
7738
0
0
9
28
28
0
0
9
0
0
9
0
0
192463
0
667
0
9
0
9
85768
28
0
0
9
0
1100
0
667
0
0
0
9
0
0
3047
264
0
0
9
387421
28
0
9
9
0
0
0
9
658
86142
0
551213
0
0
16365
9
0
0
0
0
4499
0
0
0
10345
0
0
0
27551
0
0
18287
0
0
127510
0
0
9
0
0
0
0
33496
0
0
135121
0
0
0
0
28
0
0
9
0
0
0
0
0
0
0
0
0
0
0
0
0
9
0
0
0
0
41540
27059
16789
0
0
9117
0
0
0
0
9
9
0
0
213
275867
27198
0
0
9
9
0
0
9
0
0
0
9
0
9
28
0
9
0
28
9
0
0
28
7611
9
0
28
28
6701
28
0
969
0
666
9
278096
0
0
28
0
0
0
0
7132
0
9146
0
0
0
0
9
0
0
0
0
0
4442
0
0
0
0
0
0
0
0
9
9
0
9
0
9
240
0
0
9
0
0
8168
0
0
0
8028
0
9
21192
473
0
4027
9
0
0
0
0
0
0
0
0
447
0
28
0
3475
0
0
0
20840
0
9
9
0
240
1100
0
0
0
0
473
0
9
0
3475
0
0
0
9
0
0
28
0
0
3400
9
0
0
0
0
0
0
0
18089
0
482
28
0
0
9
9
0
28
0
0
9
9188
0
0
0
0
0
9
5508
0
7949
0
240
3047
0
9
0
264
0
6222
0
69496
28
0
0
41017
28
28
0
9
0
0
28
0
9
0
2222
0
0
9
574957
169300
0
3130
0
9
0
28
30926
22635
0
0
0
9
0
0
0
0
431361
0
0
9
0
9
0
28
0
0
0
9
0
0
0
0
0
666
2815
0
0
0
0
0
0
0
0
20901
0
28
0
8560
9
0
0
9
0
0
0
9
0
9
0
0
0
127486
9
0
0
207402
0
9
9
28
0
0
0
0
0
0
9
9
0
0
288218
6701
0
195806
0
0
0
0
0
9
0
0
91036
28
0
9
2893
9
0
0
28
0
0
0
9
9
0
0
0
9
0
0
9
0
0
1984
28
0
0
9
0
0
0
0
0
9043
9
0
9
0
28547
9
0
0
4477
0
0
0
9
0
2818
0
0
0
1682
28
9
0
0
0
0
28
0
9
9
9
0
0
9
0
9
2889
0
28
0
0
9
0
0
9
9
240
264
0
0
0
0
0
1351
3960
9
0
41417
0
0
0
0
0
0
0
9
0
4493
678082
32755
0
10845
0
129899
9
64350
0
0
0
536
744
0
0
9
0
969
0
9
0
0
0
0
0
0
0
9
240
11800
0
11544
9
0
0
0
0
9
0
9
0
0
0
0
0
9
0
28
28
9
0
0
0
0
477
0
9
0
0
27551
0
7729
0
9
59972
0
28
27629
0
9
0
0
9
9
9
0
0
0
0
0
0
9
0
0
0
28
338235
0
70578
9
0
7035
28
0
59890
9148
9
9
8560
25293
9
9
0
0
9
8376
0
28
0
9
0
0
0
0
0
0
0
0
0
9
9
0
0
0
0
0
0
0
401
0
7611
0
9
0
0
0
0
0
0
0
473
28
3090
0
9
482
14867
0
9
0
0
0
0
28
0
0
0
9
0
0
0
9
31231
0
28
54827
0
0
9
9
9
9
29982
9
9
0
0
0
0
0
0
9
9
0
0
0
0
0
0
0
0
473
0
0
0
0
0
0
1100
0
9
9
28
0
0
5359
0
0
240
0
9
9
0
0
9188
0
0
245100
0
0
0
9
0
0
0
0
0
0
0
0
0
0
9
5916
0
0
0
0
0
9
240
0
9
0
9
28
240
0
9
0
0
9
9
8144
9
0
0
0
9
0
0
0
9
264
0
0
28
0
0
0
0
0
0
43166
0
9
3400
0
0
0
0
9
0
0
0
9
213
9
0
28
0
0
0
9
0
0
9
9
24248
0
9
9
0
0
0
28
0
0
0
17332
0
28
0
93184
9
0
401
0
8762
0
0
0
0
0
0
4442
9
0
0
0
0
9
0
0
9
667
9
9
9
13517
0
0
1996
3521
0
0
0
9
0
0
0
9
44566
9
24188
8560
0
0
9
9
9
0
28
0
0
0
0
0
9
94318
28
0
9
0
744
0
9
0
804
0
0
0
0
0
0
0
0
9
28
0
536
0
251843
0
0
0
9
0
0
4019
28
9
0
2924
0
0
9
0
9
0
0
9
0
0
0
0
0
667
28
0
482
0
0
9
0
0
213
9
0
0
0
9
0
0
0
9
3806
0
28
0
0
0
240
0
4108
9
0
0
0
0
9
9
1362
9
0
0
0
0
0
0
0
0
0
28
9
8168
0
9
0
0
0
0
9
0
0
0
9
0
0
5359
9
0
0
28
0
0
0
0
104663
0
0
0
9
70218
0
0
0
28
0
0
9
9
0
0
0
0
9
8518
0
0
164561
0
0
106643
0
0
0
0
0
0
9
9
0
9
0
9
9
0
9
0
0
0
91913
0
0
0
0
0
0
9
0
0
0
11047
0
0
9
9
658
744
0
0
0
0
0
10588
9
9
9
0
28
28
4565
1990
0
0
0
3535
0
0
9
25467
5870
0
0
213
9
21638
72089
0
0
0
0
0
9
9
9
1362
0
0
9
0
0
240
0
0
447
15726
28
28
0
0
9
0
0
0
0
0
9
0
0
9
0
9
9
9
28
0
536
0
0
0
0
28
0
0
28
213
0
0
9
0
0
0
0
0
0
0
0
0
0
0
0
22113
28
0
0
0
9
0
658
9
9
0
0
9
534968
9
0
0
9
9
0
0
1986
28
28
0
0
0
4589
1128
0
0
0
10741
0
0
0
0
0
0
0
0
0
9
0
0
0
0
401
0
0
0
28
0
68087
2924
0
0
0
28
9
0
0
9
0
9
0
0
11544
28
9
0
28
0
0
0
0
0
0
0
9
0
0
536
0
9
513747
0
28
0
9
9
9
0
0
44983
0
0
0
9
0
0
0
202703
9
9
0
28
12698
435725
9
2039
1695
18071
28
477
0
0
0
9
0
0
0
125460
0
9
4442
0
0
0
0
0
0
0
0
28
0
0
9
0
0
0
5931
9
213
0
2818
0
9
0
0
28
0
9
28
9
0
0
28
0
9
658
2197
9
0
21054
0
0
0
50699
9
0
0
0
9
0
9
0
9
0
34399
0
9
9
0
9
0
9
0
473
0
0
9
0
0
132830
9
257588
0
658
0
0
0
0
0
0
9
0
0
0
0
0
0
0
0
0
352316
447
8853
0
0
0
0
9
0
0
28
1291
0
8069
3047
0
482
28
0
0
0
0
0
0
9
9
0
0
0
0
7738
0
0
0
0
0
9
0
0
9
9
478037
41777
9
0
0
0
0
0
0
0
0
0
0
0
0
0
0
0
9
9
0
9
3521
0
2747
744
9
0
9
0
28
59890
9
0
0
536
0
0
169816
9
10551
0
0
0
0
9
3535
72089
0
0
47306
0
24629
0
0
0
0
0
0
0
0
0
804
9
1682
0
0
0
0
0
0
0
9
0
419992
0
9
0
0
0
0
0
0
0
0
9
31302
0
199982
0
0
9
9
0
0
9
28
0
2889
0
9
9
0
6441
9
9
9
0
0
11544
0
0
0
9
0
0
9
0
0
213
11199
45187
0
9
7485
666
0
0
4565
9
0
0
0
0
0
0
0
28
0
2197
0
5508
0
1996
0
0
0
0
0
9
9
28
6310
197256
9
0
0
0
2903
52341
9
9
658
9
804
658
0
0
0
0
28
9
804
9
0
0
0
1120
0
9
0
0
13586
0
0
804
9
0
9
0
0
9
6310
0
0
213588
0
9
0
0
9
0
9
0
0
9
9
0
9
0
0
18221
0
9
9
9
1695
9
9
6441
225816
0
9
9
0
22635
0
0
10741
0
1650
0
6227
240
9
0
0
0
9
9
28
0
0
0
3544
0
3986
0
0
8175
0
33303
0
1128
666
28
9
9
9
9
9
130422
0
0
9
0
0
0
0
9
9
0
9
0
0
9
28
5176
0
0
28
9
0
9
473
9032
0
1362
99398
0
0
9
26032
268086
0
0
22679
9
0
0
0
0
0
9
107632
0
969
0
2903
0
9
0
0
60912
9
0
0
0
0
9
9
0
0
0
0
0
0
9
401
9
0
9
0
0
2223
9
0
42438
0
0
0
9
1100
0
447
9
0
9
0
0
9
0
0
28
9
125443
6701
0
0
0
0
0
9
2987
473
0
0
90855
0
0
240
1762
213
0
0
0
4019
0
3535
9
0
0
0
240
9
0
9
9
139775
9
143315
264
0
21490
396314
0
0
9
9
0
0
73705
0
9
0
9
0
9
9
0
9
400603
0
0
0
9
9
473
0
9
0
1514
0
0
0
9
0
0
9
3333
0
9
11994
0
60453
9
0
0
0
0
0
0
0
0
0
0
658
9
0
0
4266
0
21901
0
11244
0
9
0
4212
9
34949
0
0
0
9
0
9
9
0
0
0
0
9
12544
0
0
0
93099
9
0
9
0
0
0
0
9
0
9
0
0
0
0
0
28
9
4442
0
0
0
0
9
9
0
0
340534
9
0
0
0
0
28
398937
0
0
0
240
28
9188
9
9
240
9
240
0
0
0
0
0
0
0
0
0
10451
9
2223
11722
0
1291
0
447
262250
0
21089
0
0
4565
0
28
0
9
28
0
28
0
1753
17332
0
0
24188
0
0
0
9
401
0
9
473
0
9
11798
9
666
0
0
0
9
28
0
0
9
0
0
9
0
9
0
9
3773
9
9
9
0
0
9
0
9
0
9
0
0
9
0
667
9
482
0
0
0
0
0
196489
0
0
9
2818
72980
0
744
0
0
36582
666
9
0
0
0
0
9
0
5280
0
0
0
9
9
9
0
0
28
9
9
9
0
31868
667
0
0
9
0
9
264
0
23525
0
0
0
0
0
0
9
0
0
0
0
0
0
55978
0
0
0
130619
28
9
0
264
0
0
9
0
0
0
9
0
658
0
0
0
0
0
0
0
4266
9
28
0
4477
28
9
0
0
7733
0
0
0
28
0
240503
666
264
0
0
0
0
0
113793
9
0
5927
9
0
0
10741
9
250145
0
9
543044
9
9
0
0
9
0
0
9
1682
0
0
9
0
28
0
0
477
0
0
0
9
6310
62086
0
9
0
0
0
9
0
0
89394
12298
0
0
0
0
0
0
0
0
0
9
0
9
0
1120
0
0
240
9
0
0
13491
48909
0
0
9
9
0
0
0
9
0
28
0
0
0
0
3773
0
0
0
9
0
536
0
9
9
0
0
0
0
9
0
0
283907
9
0
0
0
0
0
9
0
9
0
0
0
9
0
0
0
0
0
0
0
0
0
0
9
0
667
0
28
0
0
0
0
9
0
9
9
0
0
0
36851
9
0
0
23470
15462
0
0
9
0
0
0
1990
0
5916
482
0
3490
201081
0
0
9
28
0
0
9
0
28
0
0
0
9
9
9
666
9
0
0
9
28
0
0
28
9
0
9
289693
0
9
0
0
28
0
9
0
0
0
0
12544
252067
9
0
0
0
9
5508
9
9
9
0
3544
0
9
62608
9
0
6078
285829
0
9
477
9
0
28
0
9
0
9
9
0
0
0
0
9
482
171674
0
28
9
9
0
0
0
9
0
0
0
0
0
0
257443
447
0
9
9
0
0
1351
0
0
9
9
0
0
17675
0
0
0
1012
0
4565
9
397921
0
28
11446
0
0
0
0
0
9
0
0
9
0
0
0
0
0
0
34521
0
0
9
0
0
0
9
477
73725
32976
28
9
1120
0
9
0
0
338488
9
9
0
0
9
26264
0
64915
35193
0
0
0
0
0
0
0
9
0
0
9
9
0
0
9
0
0
536
0
0
0
9
213
447
9
0
9
482
0
0
0
9
9
0
0
0
0
0
9
9
2903
0
9
9
0
0
145670
18290
0
279256
0
9
0
1572
0
0
31302
0
9
9
0
0
0
9
0
9
0
9
9
0
9
0
95737
0
564219
0
0
0
96600
9
6441
0
32337
9
0
0
0
22673
0
0
0
0
0
0
31562
0
0
9
9
0
0
0
262291
0
0
9
0
0
9
1682
28
0
0
186919
0
28
0
28
7878
0
0
0
9
28
0
27198
9
0
9
0
0
1120
0
0
28
9
42436
0
0
0
1291
0
9
0
9
0
9
0
71056
0
0
744
0
9
9
56538
2039
0
0
9
0
9
0
0
0
0
0
240
0
9
9
0
0
3287
667
9
8880
0
0
0
8376
0
0
0
0
0
0
0
213
0
0
0
0
0
9
9
9
0
0
0
0
9
105432
477
29938
213
0
538295
0
667
0
9
9
0
0
0
6706
0
0
0
0
35364
9
9
9
0
0
0
3773
0
9
0
0
0
9
0
0
0
0
0
0
0
0
0
9
46868
0
9
0
69959
9
9
0
258653
0
0
0
9
204929
0
0
0
0
0
0
9
9
0
0
0
17842
0
9032
2903
0
0
9
0
0
1351
0
0
0
0
0
0
0
0
0
34041
2688
0
0
0
9
0
2941
0
9
9
0
1514
23525
0
0
0
0
0
0
0
0
0
0
9
0
0
0
0
0
0
0
0
0
9
0
28
0
426499
9
0
0
9
5671
9
0
0
0
1100
0
447
9188
477
0
0
3130
0
0
128475
0
9
0
0
0
72719
0
0
6599
3287
240
0
0
7974
35300
0
240
9
9
9
658
9
16001
0
27491
0
9
0
0
9
0
0
0
0
0
0
580445
220038
28
9
264
9
9
9
0
9
0
2815
0
969
28
0
28
28
0
0
28
23304
0
0
9
66157
0
0
0
9
240
28
0
28
0
0
0
0
0
0
0
0
0
0
0
9
0
9
0
1120
667
9
0
9
28
9
63676
264
0
0
0
0
0
9
0
0
0
54517
0
1984
0
28
0
9
9
28
2747
0
9
0
0
0
0
10479
18089
0
8028
0
658
9
0
21577
22920
0
0
0
45162
0
0
28
98
4019
580727
0
0
28
9
1100
0
0
9
9
9
0
0
0
0
0
0
9022
0
0
9
0
43280
6701
0
9
9
0
0
9
0
0
0
9
0
0
9
473
0
15959
0
9
0
0
0
28
213
0
126215
0
0
0
264
0
0
9
98
0
10780
0
9
0
5420
51203
0
0
0
9
0
0
0
0
9
9
0
0
0
0
9
9
240
9
28
0
9
0
0
1514
0
0
227929
28
0
0
0
0
9
0
0
0
0
0
5359
0
28
0
89591
9
0
175065
14115
0
0
0
9
0
0
0
0
18002
0
0
9
0
0
0
9
384136
98
9
0
28
0
0
0
0
1362
0
0
0
28
98
0
0
9
0
0
482
0
0
0
0
0
10247
969
9
0
7957
9
0
0
0
0
181094
0
22673
9
0
0
1695
17891
0
0
0
9
0
0
0
14228
0
0
0
9
9
0
64880
0
0
0
0
28
0
9
0
21638
0
9
9
1100
9
28
0
0
0
0
9
0
9
0
0
0
0
6706
0
9
0
0
0
0
0
9
0
0
0
477
0
0
98
9
9
0
28
0
9
0
213
0
28
0
9148
9
0
0
0
0
9
9
0
17892
30260
0
28
0
241222
5916
0
482
0
0
1351
0
9
0
0
804
9
1984
0
0
28
0
0
0
9
9
9
240
0
0
23042
98
9
0
0
0
0
0
9
213
0
9
482
0
0
0
0
22679
0
0
28
9
0
0
9
0
9
22386
8376
213
5420
9
0
2729
98
240
9
64915
28
0
9
264
0
9
73464
0
0
804
9
0
0
0
0
9
0
20632
125139
9
9
0
0
9
473
0
98
0
0
0
0
0
0
0
0
3130
98
28
41664
34060
0
0
0
28
6515
28
0
0
0
9
0
28
3090
9
0
0
0
0
0
9
203454
31471
4477
0
0
50791
0
0
0
0
0
0
28
0
98
9
9
0
0
28
0
0
0
658
0
9
9
0
9
98
9
0
264
536
0
9
9
0
9
0
1128
0
0
9
0
2908
482
0
9
275831
0
28
0
1100
0
28
0
12186
0
21425
0
0
0
9
0
3535
0
0
0
14853
0
9
240
9
0
9
9
0
1012
9
9
9
0
0
1362
0
0
98
28
0
9
536
0
0
9
0
0
0
0
6706
0
0
98
0
0
9
447
9
0
0
9
0
6619
3287
0
0
0
9
0
0
9
5359
0
0
3986
9
0
0
0
0
0
9
0
0
0
28
0
65476
0
334797
0
98
9
0
0
226769
0
0
0
5176
0
9
28
0
9
5176
0
27538
0
0
213
0
9
0
0
0
0
0
0
0
0
9
9
28
658
0
9
264
0
0
0
0
0
0
0
0
9
0
0
9
0
186093
9
0
9
7957
9
0
1128
0
0
0
0
0
9
0
0
0
28
0
0
0
0
9
9
9
0
266791
1446
0
0
0
0
31302
0
9
9
0
22173
0
28
0
667
1100
0
20901
9
0
0
21694
0
0
473
0
0
0
0
0
6515
9
9
0
98
0
28
0
28
9
0
0
0
9
66085
98
0
0
0
0
0
8880
9
5931
0
9
11838
0
0
10345
9
9
0
0
9
0
0
0
8134
9
0
98
12493
9
0
0
0
473
31775
0
264
0
0
41697
0
241973
28
0
0
0
0
0
666
1120
0
1012
0
17867
240
0
9
0
0
9
0
2265
32900
0
9
9
0
0
0
0
0
0
0
0
0
9
9
0
195318
0
0
0
0
0
0
0
0
0
0
28
477
9
667
13264
0
9
93303
98
0
0
0
264
667
0
0
28
0
9
0
0
9
0
0
0
0
0
28
0
0
9
0
0
9
9
9
0
0
0
0
969
0
8614
20829
0
65176
0
0
0
0
9
98
0
0
9
0
65335
28
9
447
24772
9
0
28
0
0
25467
28
0
0
9
0
28
0
4578
447
3475
0
0
118965
0
9
98
9
0
0
0
5176
9
9
401
28
9
9
0
28
132688
473
9
0
98
0
0
0
9
447
9
0
20812
42817
9022
0
9
0
9
9
0
0
0
98
0
0
9
9
0
264
0
28
213
0
0
9
17892
9
0
0
3521
6504
0
9
0
0
7957
2924
0
0
0
0
0
9
9
9
0
0
0
3806
0
0
0
9
5931
0
0
0
0
0
0
9
71346
264
0
0
10580
83725
0
9
0
1446
0
213
0
0
9
42084
0
0
0
0
0
98
0
0
83246
0
0
0
0
14864
9
73538
0
9
0
0
0
0
9
9
9
0
9
0
28
0
0
0
9
9
0
9
9
9
0
36264
9
0
0
28
0
9
569577
0
9
0
9
213
6619
8658
0
3544
0
0
9
0
9
0
0
0
0
0
24772
1100
0
239805
9
65067
0
283454
9
138524
0
0
9
0
0
0
3806
28
0
17293
94933
0
0
0
0
0
9
0
9
42533
482
0
9
9
0
9
183984
98
0
164318
0
8992
369442
9
0
0
9
0
111266
9
0
0
12368
11689
9
28
287003
0
9
0
0
9
0
0
1128
9
9
0
28
0
0
0
0
5359
2197
0
9
14867
28
0
0
15186
0
658
9
0
0
9
0
0
28
98
9
130969
0
0
0
447
0
0
3400
251675
2029
28
28
227647
0
0
473
29759
0
9
9
9
9
34399
0
9
0
0
1351
0
0
9
16365
35364
0
0
9
9
1128
0
2223
9
98
0
0
0
51884
0
0
9
9
0
0
42436
9
0
5866
0
0
9
0
473
28
141828
0
0
9
0
0
0
0
0
0
0
0
0
10921
9
473
9
0
0
9
9
0
0
0
0
9
275949
9
0
0
0
28
0
98
0
42758
9
1695
1735
240
0
264
0
0
0
0
240
0
9
0
0
4337
28
9
9
0
18002
28
0
8505
0
0
46783
28
28
0
9
9
0
0
687740
0
52972
0
7485
1351
401
0
9
0
0
30699
0
0
0
0
0
0
0
0
0
0
9
11835
0
59890
0
0
0
0
0
9
0
0
0
0
0
28
0
0
0
142792
105357
264
0
0
8144
0
0
4339
658
9
0
9
0
0
0
5420
0
0
0
0
0
382790
28
0
9
0
0
666
0
9039
0
28
20882
9
0
98
0
0
28
0
0
0
9
0
28
9
0
0
9
0
9
0
0
0
0
267850
9
0
0
0
2029
0
0
0
0
28
0
666
511761
0
0
9
0
0
0
129009
0
0
9
0
0
0
9
6453
9
68998
9
0
9
0
0
0
1012
0
0
9
0
0
0
9
0
4266
0
264
0
9
0
9
0
9
2222
0
1291
28
12017
0
0
0
421793
0
28
0
28
9
9
0
2991
0
9
9
0
0
0
0
9
2131
0
258384
9
0
9
186243
447
0
9
21667
10780
0
0
0
9
0
0
59417
3190
0
0
9
8530
213
28
0
0
5184
9
28
28
0
0
28
0
183967
0
264
0
1128
0
450926
4212
16170
9
0
401
0
9
28
0
5420
0
9
0
0
9
206779
969
0
0
501044
0
0
0
9
0
48375
0
0
1100
0
0
28
0
1120
0
0
0
0
0
0
9
9
0
26692
0
9
28
9
0
9
9
254427
9
0
0
0
126584
0
658
0
0
0
4128
1753
6856
0
285923
0
671155
1362
0
0
0
3521
0
28
0
0
0
0
0
0
0
482
0
222005
0
9
0
9
22317
0
0
0
969
0
666
0
98
0
5508
17649
0
9
169364
0
9
0
0
9
0
0
0
0
0
0
196520
0
9
0
0
0
9
6599
5501
9
28
9
101533
0
0
8880
473
264
0
0
0
0
0
9
0
9
667
9
0
9
0
0
0
482
0
0
240
0
32547
0
0
0
98
42817
0
0
0
9
0
0
0
9
0
0
9
28
0
0
477
0
9
9
0
0
2818
0
10479
9
28
0
9
0
28
0
1362
9
0
0
0
0
0
0
0
0
0
0
0
12708
0
491227
0
0
264
0
28
1120
9
0
0
14864
0
0
0
0
0
0
1291
9
0
0
28
0
9
0
9
0
0
0
28
0
0
0
0
8880
35286
6504
0
240
9
0
29894
0
5931
0
0
0
4563
0
9
0
0
0
213
0
0
0
0
9
9
0
0
28
4565
536
9
0
0
9
9
0
9
9
9
0
0
0
213
9
536
4286
98
0
17211
0
0
0
9
6619
98428
0
0
0
8505
0
0
0
0
0
9
744
0
0
0
98
21490
9
59968
173934
9
71605
15246
7667
28
28
22317
9
32024
98
0
0
0
0
1446
0
9
0
9
1012
9
0
0
264
0
0
9
9
0
401
28
9
0
9
0
0
9
0
0
0
0
0
9
264
0
0
0
0
804
9
0
0
0
0
0
10784
0
401
0
0
0
0
213
28
0
9
28
9
0
0
0
0
0
2688
9
0
0
0
0
0
9
9
1986
0
0
0
9
0
0
0
213
0
0
9
482
0
112617
0
4442
9
0
0
0
213
0
0
0
9
240
0
0
0
0
93964
9
0
0
9
0
9
9
861
213
0
0
0
0
9
0
0
9
0
9
0
0
98
264
0
0
0
0
0
0
9
28
9
9
9
0
9
0
2747
0
0
0
9
9
0
34865
28
0
0
28
9
9
0
9
28
9
0
0
1100
28
131543
0
0
10320
9
0
0
1291
0
9
9
0
0
0
0
0
0
861
0
0
9
28
0
0
0
536
0
0
0
9
0
0
264
0
0
0
2908
0
0
0
0
28
28
9
0
0
658
0
0
0
440122
0
0
0
9
9
0
0
213
0
9
0
1996
9
98
0
28
9
477
0
28
0
9
0
0
9
0
28
0
9
7974
213
0
9
9
0
0
255420
28
0
0
0
0
9
0
0
0
9
0
9
0
213
1351
2197
0
5896
9
0
0
0
0
9
9
9
0
0
31881
1120
0
0
9
0
9
9
0
0
0
0
9
0
9
0
28
0
0
21038
0
0
9
0
0
0
0
9
42302
0
0
1762
28
0
0
9
2265
0
9
0
0
9
9
9
0
0
0
0
264
0
0
9
240
0
0
9
0
0
0
0
0
0
0
57035
28
9
0
0
9
0
9
28
0
0
0
0
658
7729
0
0
0
28
0
658
9
66085
9
30363
9
0
0
0
28
46033
9
0
0
0
0
0
0
0
0
0
68992
0
0
0
0
98
0
9
9
9
0
0
4563
0
0
98
9
9
98
0
28
0
0
0
1514
9
418605
12537
0
1100
0
0
0
0
0
144048
60532
1986
0
4565
98
0
9
9
9
0
0
213
0
0
31471
1446
9
2688
9
0
2818
667
0
3773
213
0
18409
0
28
9
473
0
46773
10845
0
0
0
0
8505
0
9
0
9
0
0
9
0
0
0
0
477
28
9
0
0
28
0
0
0
0
0
0
1100
0
34865
0
1762
0
0
0
9
0
0
0
0
804
0
264
9
8376
0
28
9
9
9
2747
0
0
9
0
165089
0
0
0
3287
0
9
0
144057
9
0
0
1120
3329
28
28
9
0
0
0
28
0
9
0
183694
9
0
0
0
0
5498
0
0
11077
9
0
9
0
0
3190
0
0
34985
0
0
0
9
0
0
0
0
1393
26600
2818
9
247507
0
0
9
9
9
9
0
2640
28
0
9
0
0
9
0
9
0
9
8069
26348
9
0
7485
0
0
28
9
0
2131
0
0
0
0
0
0
264
861
0
0
9
0
28
0
9
0
0
9
0
536
22466
536
353002
2916
98
0
1120
0
0
0
0
0
41528
0
0
9
28
667
9
34647
9
9
9
0
0
0
0
0
342509
264
0
9
189385
0
0
0
28
0
0
9
0
0
0
9
3567
1291
0
9
240
0
0
0
28
11838
482
0
0
9
0
0
9
9
0
804
1990
24772
0
0
240
2908
0
6701
28
0
9
0
28
9
8560
0
9
0
9
804
3986
98
1012
2039
0
9
9
0
9
9
0
9
744
9
0
0
98
0
9
9
744
1100
0
0
0
0
0
0
0
0
9
0
9
0
34184
168050
0
9
2815
0
0
0
0
0
0
177072
9
0
0
9
0
9
0
0
0
0
0
213
4108
0
28
0
0
2197
4493
0
28
0
9
0
0
9
5359
0
667
0
0
0
69959
179696
0
0
9
482
9
0
9
9
23627
0
42436
0
0
98
214139
9
28
0
28
685682
0
9
0
0
8530
52027
0
744
0
0
0
9
7823
0
98
0
0
667
0
0
0
9
0
0
3521
482
0
4578
0
0
226413
60684
1120
0
9
0
0
0
7974
0
0
0
0
0
20830
0
0
0
9
0
9
0
28
0
240
0
4212
0
9
0
9
28
0
0
0
0
0
9
9
71508
9
0
9
0
744
0
35364
9
0
0
47470
0
0
0
28
0
9
0
1446
28
10888
1128
98
0
0
0
0
9
0
0
2729
0
0
0
4477
9
9
9
240
36487
0
28
9
5359
0
9
0
0
0
6901
9180
7974
32751
9
0
9
9
0
2029
9
9
9
1514
264
0
0
0
0
0
0
0
0
0
240
0
28
0
264
0
2032
59831
28
0
28
0
0
0
3567
666961
0
0
0
9
9
9
6956
0
0
0
264
0
24357
5498
240
0
0
28
28
9
447
0
0
200627
9
213
9
0
1650
0
0
9
0
0
440672
28
28
0
9
124991
0
9
0
9
0
9
0
0
0
0
0
0
20616
280553
106612
0
28237
129743
0
9
28
28
0
9
0
9
9
28
10741
28
3890
9
0
0
0
0
9
5359
143839
9
0
413307
0
134453
3090
31339
11299
0
12493
0
9
0
0
9
0
9
2688
6383
72571
0
0
0
5184
0
0
0
42377
0
0
0
254558
0
0
0
0
0
248371
11994
1291
6504
0
0
213
0
28
0
5671
9
0
0
0
9
0
9
0
0
0
0
0
9
0
9
50
536
264
0
2817
0
9
9
0
9
477
0
0
0
50
0
0
9
9
0
0
3535
0
9
0
0
448611
16001
1735
0
0
482
50
0
9
0
12057
9
0
0
9
0
9
24691
0
290705
28
1120
5671
0
0
0
9
0
16680
28
9
0
17956
50
0
0
861
0
9
28
0
0
9
0
9
0
9
666
0
28
146162
0
98
0
0
0
9
536
8304
0
0
0
0
0
98
684261
135921
8035
0
0
9
0
10780
2131
264
9
6227
0
249996
9
0
0
0
9
0
109044
225982
0
35300
69494
0
9
9
50
1984
28
0
28
473
28
0
41664
0
0
666
9
0
0
9
0
0
16966
0
3190
13491
0
0
1012
477
0
0
0
0
264
28
0
0
9
0
9
0
0
0
21114
0
9
0
9
0
375580
0
28
9
0
9
9
0
1735
0
9039
0
0
0
17099
0
5210
0
0
98
0
0
0
0
28
0
0
0
0
0
9
28
0
0
0
0
9
0
9
28
28
9
9
0
0
0
9
9
0
9
0
0
213
0
0
0
0
0
666
28
0
50
127542
0
8518
1753
9
0
10320
0
447
0
0
9
0
0
0
9
0
0
0
0
9
666
9
0
0
0
28
53016
240
9
0
0
28
0
9
2640
9
2815
9
9
213
0
9
0
9
0
0
0
9
0
9
0
0
275949
249641
0
482
9
54788
28004
28
16069
0
50
9
16602
5870
0
9
0
50
0
9
666
0
0
9
384005
0
0
0
0
278737
0
0
0
2818
0
0
12249
0
0
0
96091
9
9
0
4337
9
9
9
0
9
0
0
0
9
9
9
9
0
0
28
0
0
0
0
0
9
0
9
0
9
0
0
0
34228
36160
0
0
667
0
9
28
334963
0
0
0
0
8376
98
28
28
98
5916
0
0
0
0
9
1753
98
9
9
18240
0
8144
0
0
9
0
0
213
6619
98
0
9
1366
0
0
0
11659
0
0
9
0
28
9
0
28
0
0
0
333125
0
50
0
28
21418
28
0
9
0
0
0
9
62
0
0
50
50
50
0
3329
28
482
0
9148
0
213
0
50
0
0
9
12426
50
9
0
98
0
0
9
9
0
2924
7926
0
0
50
3890
221455
62
9
28
0
6856
0
9
0
0
0
0
0
98
9
4108
11713
1695
0
1120
0
0
0
0
0
2029
0
861
0
588162
0
0
28
0
0
9
9
0
9
9
0
1446
0
9
4389
62
240
50
9
35111
0
9
0
395772
0
0
1128
1753
0
9
0
0
132074
5950
9
0
0
98
62
0
28
0
9
9
50
28
9
221915
0
28
0
0
0
9
9
9
0
0
4589
0
9
389674
421793
0
53749
62
0
4337
0
1120
0
9
213
658
0
8401
0
9
9
861
4563
0
667
0
21462
0
0
0
9
0
0
2729
14864
9
9
0
50
0
0
133662
28
27719
9
28
28
0
9
98
9
0
9
50
9
0
9
0
98
9
0
0
11244
9
0
0
0
11834
0
0
28
0
108701
0
0
0
0
50
1012
0
50
241619
0
9
0
0
28
50
9
0
0
0
0
0
62
0
0
0
9
0
0
28
0
9
9
0
0
0
0
0
0
0
9180
177369
0
0
28
0
0
0
0
28
0
28
0
9
0
0
0
28
0
264
0
2818
482
0
0
9
67142
9
62
62
0
28
98
3329
9
0
0
16789
264
9
4589
50
0
9
1735
0
24742
0
9
220902
0
0
0
9
0
0
0
136051
0
0
0
9
0
9
9
9
9
200254
0
0
3935
0
9
9
214625
0
9
0
17335
2029
0
0
0
98
102329
0
10320
9
3401
0
10793
90405
8658
213
28
9
2222
0
28
9
0
9
9
0
0
0
3287
9
8250
9
0
2916
0
0
0
27629
9
0
36267
0
9
0
0
98
0
98
2222
124429
13389
27813
0
9
0
98505
0
0
0
9
9
332866
9
4339
98941
0
0
549902
0
0
9
2039
55081
9
9
9
0
50
62
0
0
18287
0
0
0
240
9
0
69494
0
0
0
9
0
0
361527
98
28
0
0
0
9
5420
0
9
0
33972
9
9
0
9
3535
33330
98
0
0
0
0
213
28
9
28
204142
0
9
68911
28
28
0
0
0
264
87855
62
1514
6855
0
0
0
9
0
50
0
0
473
33330
0
1366
0
28
28
2908
9
0
62
28
0
62
0
1120
0
12424
0
65495
0
0
0
2032
264
0
112178
0
0
9
9
28
9
9
9
0
482
15860
0
0
658
0
14247
0
250823
0
0
0
0
61897
0
0
10799
0
9
28
62
0
14115
240
9
9
9
2584
0
0
9
191401
0
0
0
240
0
340158
0
0
0
8134
9
9
9
98
220343
71775
0
9
9
0
0
9
9
10347
666033
482
0
0
1100
0
14048
0
213
0
0
0
447
1100
0
0
0
9
0
0
0
62
0
0
0
9
0
9
28
9
17867
0
3090
0
41455
28
0
0
28
335893
1100
1514
9
0
0
0
9
28
0
0
0
9
9
0
0
0
9
0
0
9022
276924
4499
0
0
23752
0
172186
10361
0
0
8530
98
9
9
1446
0
0
132914
41168
0
0
9
9
9
9
0
125202
9
0
0
0
0
0
1769
9
0
6043
9
28
0
28
0
0
0
196479
62
9
0
120477
50
0
0
0
0
0
9
9
0
62
9
0
2222
62
0
969
240
0
0
9
240
0
9
0
0
6222
9
0
0
0
0
0
9
50
0
0
0
9
0
861
0
0
0
62
4389
0
0
0
0
0
0
0
0
33234
166186
0
0
50
0
0
62
0
0
0
9
477
0
9
9
0
0
62
0
0
0
13466
28
98
0
0
0
0
0
0
0
0
0
0
0
50
0
28
0
9
0
50
9180
0
0
1012
0
0
6979
0
0
62
0
0
1753
0
68931
9
0
9
9
9
0
0
9
62
0
0
21932
62
375753
0
0
28
28
62
9
0
4342
0
1128
225162
9
9
0
1351
9
332500
0
0
0
0
0
10479
28
0
9
477
28
4266
0
28
0
0
9
9
447
9
0
0
1128
9
28
0
0
0
0
9
1446
9
0
9
28
2131
0
0
0
0
9
0
0
28
0
0
0
9
9
0
82197
129944
0
0
482
1291
0
0
0
0
0
0
29882
0
9
0
0
0
0
0
0
21901
7132
0
0
98
0
0
0
0
9
9
2584
0
9
93345
0
0
9
9
0
0
9
98
16482
0
0
50
0
9
0
0
0
28
0
0
9
28
0
9
0
0
0
47697
0
9
1291
0
0
0
9
0
9
0
119142
0
4578
9
0
0
0
23127
48102
0
4477
9
0
98
240
0
0
0
4342
9
0
6701
49512
0
28
0
0
0
0
0
12698
9
0
68804
9
0
9
7485
0
0
1735
2197
0
9
98
9
171719
62
0
0
9
0
0
0
0
0
0
9
9
536
447
0
1393
9
0
9
62
0
0
28
41678
658
0
141845
666
14048
0
0
9
0
0
9
9
969
65989
0
516749
4116
50
0
0
8992
50
9
1128
0
0
240
1291
0
9
9
0
14228
9
536
9
0
4578
0
0
60509
0
0
0
0
0
482
0
9039
0
0
9
0
0
0
9
9
9
274201
62
9
0
28
50
240
9
9
536
0
35314
9
0
0
28
43759
0
0
0
0
0
0
35620
9
223709
0
0
0
33303
0
28
111832
0
0
0
0
9
0
0
62
969
183739
6354
0
264
0
0
0
9
9
0
62
9
216416
132517
94160
28
0
0
0
10271
1012
427482
0
62
0
2032
9
9
264397
9
240
0
0
9
9
744
28
3287
0
418457
0
9
240
0
98
9
213
658
98
0
0
219345
11544
0
0
0
50
473
28
7883
0
69299
28
22487
264
228070
9
0
7878
213
50
0
194908
28
2818
0
0
9
28
0
9
0
0
9
0
12057
9
0
0
0
9
3289
28
0
28
0
0
0
9
0
8880
213
0
861
213
0
0
0
0
50
9
0
9
0
9
9
9
0
9
15551
9
0
0
0
0
98
6585
334261
54197
9
0
0
0
0
240
11722
0
9
9
9
9
28
62
109641
0
0
9
9
0
0
0
0
0
0
9
133900
0
62
0
9
9
0
9
0
83911
0
9
0
9
0
50
50
0
0
9
9
0
0
9
473
0
9
0
0
9
3329
14203
240
0
658
32547
0
9
0
658
9
9
4341
667
9
477
9
0
9
2908
9
62
0
0
9
2039
62
28
0
9
0
9
0
0
0
9
0
0
9
348589
9
0
0
0
1650
0
0
0
0
0
9
28
0
0
9
7750
9
9
0
0
0
68573
0
0
98
35193
0
9
9
0
9
0
91991
264
9032
0
9
0
0
0
0
50
482626
0
0
0
9
0
9
0
667
0
70553
2817
447
0
28380
0
0
9
0
0
9
240
0
482
0
9
0
28
0
0
0
28
4389
62
0
0
667
71103
9
28
9
0
2729
1351
0
50
9
2908
0
2987
969
0
17846
0
0
0
0
0
0
0
0
50
0
9
213
1514
0
0
0
9
62
0
0
0
0
343280
9
4468
0
0
28
9
293960
62
0
0
0
0
0
9
9
447
488064
9
0
6805
0
28
9
113029
0
0
427338
0
9
9
213
1351
0
0
9
0
9
0
9
0
0
9
0
49186
0
0
0
0
969
680874
9
28
0
0
9
9
9
9
96836
0
0
61039
0
0
0
9
0
0
0
0
0
9
0
0
108865
2688
93345
0
0
0
0
62
0
0
50
0
0
0
0
0
92755
0
0
68947
0
0
0
0
28
421615
55623
0
9
0
0
0
213
0
1012
0
9
28
0
0
0
28
50
9
0
0
0
0
0
0
0
9
0
62
0
0
1366
0
0
0
0
588289
62
0
9
0
0
9
0
0
0
21038
1763
0
28
0
11604
477
0
62
9
62
0
0
28
0
0
0
9
28
536
9
0
0
0
1514
9
0
0
9
62
9
0
0
108924
0
50
0
0
0
50
62
0
9
0
0
240
0
685526
0
50
0
0
133173
9
9
744
216706
9
213
0
9
2916
9
0
0
0
0
28
0
0
24855
86095
0
0
0
2640
8695
0
0
0
0
82040
9
